#
# A fatal error has been detected by the Java Runtime Environment:
#
#  EXCEPTION_ACCESS_VIOLATION (0xc0000005) at pc=0x00007ffd7e0ae0a9, pid=26880, tid=11308
#
# JRE version: OpenJDK Runtime Environment Microsoft-8035246 (17.0.8+7) (build 17.0.8+7-LTS)
# Java VM: OpenJDK 64-Bit Server VM Microsoft-8035246 (17.0.8+7-LTS, mixed mode, sharing, tiered, compressed oops, compressed class ptrs, g1 gc, windows-amd64)
# Problematic frame:
# V  [jvm.dll+0x2be0a9]
#
# No core dump will be written. Minidumps are not enabled by default on client versions of Windows
#
# If you would like to submit a bug report, please visit:
#   https://github.com/microsoft/openjdk/issues
#

---------------  S U M M A R Y ------------

Command Line: -XX:MaxMetaspaceSize=512m --add-opens=java.base/java.util=ALL-UNNAMED --add-opens=java.base/java.lang=ALL-UNNAMED --add-opens=java.base/java.lang.invoke=ALL-UNNAMED --add-opens=java.prefs/java.util.prefs=ALL-UNNAMED --add-opens=java.base/java.nio.charset=ALL-UNNAMED --add-opens=java.base/java.net=ALL-UNNAMED --add-opens=java.base/java.util.concurrent.atomic=ALL-UNNAMED -Xmx2048m -Dfile.encoding=windows-1252 -Duser.country=IN -Duser.language=en -Duser.variant -javaagent:C:\Users\jatin\.gradle\wrapper\dists\gradle-8.3-all\6en3ugtfdg5xnpx44z4qbwgas\gradle-8.3\lib\agents\gradle-instrumentation-agent-8.3.jar org.gradle.launcher.daemon.bootstrap.GradleDaemon 8.3

Host: Intel(R) Core(TM) i5-10300H CPU @ 2.50GHz, 8 cores, 15G,  Windows 11 , 64 bit Build 22621 (10.0.22621.2506)
Time: Wed Jan 10 01:39:45 2024 India Standard Time elapsed time: 681.196848 seconds (0d 0h 11m 21s)

---------------  T H R E A D  ---------------

Current thread (0x0000023ada7829a0):  JavaThread "C2 CompilerThread0" daemon [_thread_in_native, id=11308, stack(0x0000007d77800000,0x0000007d77900000)]


Current CompileTask:
C2: 681196 16379   !   4       java.util.concurrent.FutureTask::run (123 bytes)

Stack: [0x0000007d77800000,0x0000007d77900000],  sp=0x0000007d778fb250,  free space=1004k
Native frames: (J=compiled Java code, j=interpreted, Vv=VM code, C=native code)
V  [jvm.dll+0x2be0a9]
V  [jvm.dll+0x21ba8b]
V  [jvm.dll+0x21944b]
V  [jvm.dll+0x1a56b6]
V  [jvm.dll+0x2291ea]
V  [jvm.dll+0x22724c]
V  [jvm.dll+0x7efd0c]
V  [jvm.dll+0x7ea13a]
V  [jvm.dll+0x67ad85]
C  [ucrtbase.dll+0x29363]
C  [KERNEL32.DLL+0x1257d]
C  [ntdll.dll+0x5aa58]


siginfo: EXCEPTION_ACCESS_VIOLATION (0xc0000005), reading address 0x0000000000000028


Register to memory mapping:

RIP=0x00007ffd7e0ae0a9 jvm.dll
RAX=0x0000023a80a82ae0 points into unknown readable memory: 0x0000000000000000 | 00 00 00 00 00 00 00 00
RBX=0x0000000000001231 is an unknown value
RCX=0x0 is NULL
RDX=0x0 is NULL
RSP=0x0000007d778fb250 is pointing into the stack for thread: 0x0000023ada7829a0
RBP=0x0000007d778fb2c0 is pointing into the stack for thread: 0x0000023ada7829a0
RSI=0x0 is NULL
RDI=0x000000000000003c is an unknown value
R8 =0x000000000000ffe0 is an unknown value
R9 =0x0 is NULL
R10=0x00007ffde4d70000 VCRUNTIME140.dll
R11=0x0000023a80a82b00 points into unknown readable memory: 0x0000000000000000 | 00 00 00 00 00 00 00 00
R12=0x0000000000000050 is an unknown value
R13=0x0 is NULL
R14=0x0 is NULL
R15=0x0000007d778fe470 is pointing into the stack for thread: 0x0000023ada7829a0


Registers:
RAX=0x0000023a80a82ae0, RBX=0x0000000000001231, RCX=0x0000000000000000, RDX=0x0000000000000000
RSP=0x0000007d778fb250, RBP=0x0000007d778fb2c0, RSI=0x0000000000000000, RDI=0x000000000000003c
R8 =0x000000000000ffe0, R9 =0x0000000000000000, R10=0x00007ffde4d70000, R11=0x0000023a80a82b00
R12=0x0000000000000050, R13=0x0000000000000000, R14=0x0000000000000000, R15=0x0000007d778fe470
RIP=0x00007ffd7e0ae0a9, EFLAGS=0x0000000000010202

Top of Stack: (sp=0x0000007d778fb250)
0x0000007d778fb250:   0000000000001231 0000000000000000
0x0000007d778fb260:   0000007d778fe470 00007ffd7e0138d1
0x0000007d778fb270:   0000023ada772a70 00007ffd00002000
0x0000007d778fb280:   0000023a80a82ae0 0000023a00000000
0x0000007d778fb290:   0000023a00000002 0000023afd961390
0x0000007d778fb2a0:   0000000100000002 0000023ada772a70
0x0000007d778fb2b0:   0000000000000000 0000000000000000
0x0000007d778fb2c0:   0000023aba635a10 0000023abc788880
0x0000007d778fb2d0:   000000000000003c 00007ffd7e734c08
0x0000007d778fb2e0:   0000007d778fb3f0 00007ffd7e00ba8b
0x0000007d778fb2f0:   0000007d778fe470 00007ffd7e734c08
0x0000007d778fb300:   0000007d778fe470 0000007d778fb3f0
0x0000007d778fb310:   000097e200000000 00007ffd7e3541b6
0x0000007d778fb320:   0000007d0000000f 0000007d778fe470
0x0000007d778fb330:   0000007d778fb4a0 00007ffe00000000
0x0000007d778fb340:   0000000000000100 00007ffd7e734c08 

Instructions: (pc=0x00007ffd7e0ae0a9)
0x00007ffd7e0adfa9:   3b d0 75 0b ff c1 41 3b c9 7c dc 48 8b c2 c3 33
0x00007ffd7e0adfb9:   c0 c3 cc cc cc cc cc 48 89 5c 24 18 55 56 57 41
0x00007ffd7e0adfc9:   55 41 57 48 8b ec 48 83 ec 70 65 48 8b 04 25 58
0x00007ffd7e0adfd9:   00 00 00 48 8b f2 44 8b 05 d2 8b 90 00 4c 8b f9
0x00007ffd7e0adfe9:   4a 8b 1c c0 b8 50 00 00 00 80 3c 18 00 75 05 e8
0x00007ffd7e0adff9:   8b 6f 5d 00 b8 20 00 00 00 48 8b 04 18 48 8b 98
0x00007ffd7e0ae009:   38 02 00 00 48 89 5d b0 c7 45 b8 04 00 00 00 48
0x00007ffd7e0ae019:   8b 43 18 48 83 f8 df 76 18 4c 8d 05 37 a9 65 00
0x00007ffd7e0ae029:   ba 20 00 00 00 48 8b cb e8 5a eb de ff 48 8b 43
0x00007ffd7e0ae039:   18 48 8d 48 20 48 3b 4b 20 76 11 45 33 c0 48 8b
0x00007ffd7e0ae049:   cb 41 8d 50 20 e8 fd e8 de ff eb 04 48 89 4b 18
0x00007ffd7e0ae059:   44 8b 45 b8 33 d2 49 c1 e0 03 48 8b c8 48 89 45
0x00007ffd7e0ae069:   c0 e8 e3 80 5d 00 45 33 ed 48 8d 4d d0 44 89 6d
0x00007ffd7e0ae079:   c8 e8 01 59 56 00 41 8b 9f 40 02 00 00 41 2b 9f
0x00007ffd7e0ae089:   68 02 00 00 44 89 6d f0 3b 5d b8 72 0b 8b d3 48
0x00007ffd7e0ae099:   8d 4d b0 e8 6f b3 39 00 48 8b 45 c0 4c 89 2c d8
0x00007ffd7e0ae0a9:   8b 7e 28 8b df c1 eb 05 3b 5d d0 72 0b 8b d3 48
0x00007ffd7e0ae0b9:   8d 4d d0 e8 1f 59 56 00 48 8b 45 d8 83 e7 1f 48
0x00007ffd7e0ae0c9:   8d 14 98 40 0f b6 cf 41 b8 01 00 00 00 41 d3 e0
0x00007ffd7e0ae0d9:   8b 0a 8b c1 41 0b c0 89 02 41 85 c8 75 21 8b 5d
0x00007ffd7e0ae0e9:   c8 8d 43 01 89 45 c8 3b 5d b8 72 0b 8b d3 48 8d
0x00007ffd7e0ae0f9:   4d b0 e8 10 b3 39 00 48 8b 45 c0 48 89 34 d8 44
0x00007ffd7e0ae109:   39 6d c8 0f 86 77 01 00 00 4c 89 a4 24 a0 00 00
0x00007ffd7e0ae119:   00 4c 89 b4 24 a8 00 00 00 48 8b 45 c0 41 8b cd
0x00007ffd7e0ae129:   48 8b 34 c8 8b 46 2c 25 ff 1f 00 00 3d 04 10 00
0x00007ffd7e0ae139:   00 0f 85 a7 00 00 00 bb 01 00 00 00 39 5e 18 76
0x00007ffd7e0ae149:   39 66 0f 1f 44 00 00 48 8b 46 08 8b cb 48 8b 14
0x00007ffd7e0ae159:   c8 48 85 d2 74 1d 48 83 7a 10 00 74 16 80 7a 2c
0x00007ffd7e0ae169:   84 74 10 e8 7f 7e ee ff 48 8b d0 49 8b cf e8 a4
0x00007ffd7e0ae179:   61 f6 ff ff c3 3b 5e 18 72 cd 48 8b 5e 10 8b 46
0x00007ffd7e0ae189:   20 4c 8d 34 c3 49 3b de 73 54 48 8b 3b 8b 47 2c
0x00007ffd7e0ae199:   83 e0 03 3c 03 75 2e 48 8b 07 48 8b cf ff 90 88 


Stack slot to memory mapping:
stack at sp + 0 slots: 0x0000000000001231 is an unknown value
stack at sp + 1 slots: 0x0 is NULL
stack at sp + 2 slots: 0x0000007d778fe470 is pointing into the stack for thread: 0x0000023ada7829a0
stack at sp + 3 slots: 0x00007ffd7e0138d1 jvm.dll
stack at sp + 4 slots: 0x0000023ada772a70 points into unknown readable memory: 0x0000000000000006 | 06 00 00 00 00 00 00 00
stack at sp + 5 slots: 0x00007ffd00002000 is an unknown value
stack at sp + 6 slots: 0x0000023a80a82ae0 points into unknown readable memory: 0x0000000000000000 | 00 00 00 00 00 00 00 00
stack at sp + 7 slots: 0x0000023a00000000 is an unknown value


---------------  P R O C E S S  ---------------

Threads class SMR info:
_java_thread_list=0x0000023a854297b0, length=61, elements={
0x0000023abc771cf0, 0x0000023ada765620, 0x0000023ada7664a0, 0x0000023ada77ab80,
0x0000023ada77c660, 0x0000023ada77d220, 0x0000023ada77fbf0, 0x0000023ada7829a0,
0x0000023ada784370, 0x0000023ada786c90, 0x0000023af613eb40, 0x0000023af620e5a0,
0x0000023afcf73a70, 0x0000023afc94d870, 0x0000023afc72f6c0, 0x0000023afce2a3b0,
0x0000023afce29480, 0x0000023afce2add0, 0x0000023afce29ea0, 0x0000023afce2a8c0,
0x0000023afd0be670, 0x0000023afd0bdc50, 0x0000023afd0baec0, 0x0000023afd0beb80,
0x0000023afd0bd230, 0x0000023afd0bf5a0, 0x0000023afd0b9060, 0x0000023afd0bcd20,
0x0000023afd0ba4a0, 0x0000023afd0be160, 0x0000023afd0ba9b0, 0x0000023afeb77e20,
0x0000023aff09bb20, 0x0000023a8515ef10, 0x0000023a85157aa0, 0x0000023a8515f420,
0x0000023afb0e1000, 0x0000023afb0dce30, 0x0000023afb0e2e60, 0x0000023afb0e1f30,
0x0000023afb0df1a0, 0x0000023afb0e0af0, 0x0000023afb0e1510, 0x0000023afb0e1a20,
0x0000023afb0dec90, 0x0000023afb0e2440, 0x0000023afb0e3370, 0x0000023afc5d9ac0,
0x0000023afb0e2950, 0x0000023afb0e3880, 0x0000023afb0e3d90, 0x0000023afc5db550,
0x0000023afb0dc920, 0x0000023afb0e42a0, 0x0000023afb0ddd60, 0x0000023afb0de270,
0x0000023afb0dd340, 0x0000023afb0dd850, 0x0000023afb0df6b0, 0x0000023afb0dfbc0,
0x0000023afb0e00d0
}

Java Threads: ( => current thread )
  0x0000023abc771cf0 JavaThread "main" [_thread_blocked, id=28072, stack(0x0000007d76b00000,0x0000007d76c00000)]
  0x0000023ada765620 JavaThread "Reference Handler" daemon [_thread_blocked, id=29788, stack(0x0000007d77200000,0x0000007d77300000)]
  0x0000023ada7664a0 JavaThread "Finalizer" daemon [_thread_blocked, id=960, stack(0x0000007d77300000,0x0000007d77400000)]
  0x0000023ada77ab80 JavaThread "Signal Dispatcher" daemon [_thread_blocked, id=21044, stack(0x0000007d77400000,0x0000007d77500000)]
  0x0000023ada77c660 JavaThread "Attach Listener" daemon [_thread_blocked, id=27388, stack(0x0000007d77500000,0x0000007d77600000)]
  0x0000023ada77d220 JavaThread "Service Thread" daemon [_thread_blocked, id=16464, stack(0x0000007d77600000,0x0000007d77700000)]
  0x0000023ada77fbf0 JavaThread "Monitor Deflation Thread" daemon [_thread_blocked, id=308, stack(0x0000007d77700000,0x0000007d77800000)]
=>0x0000023ada7829a0 JavaThread "C2 CompilerThread0" daemon [_thread_in_native, id=11308, stack(0x0000007d77800000,0x0000007d77900000)]
  0x0000023ada784370 JavaThread "C1 CompilerThread0" daemon [_thread_blocked, id=10872, stack(0x0000007d77900000,0x0000007d77a00000)]
  0x0000023ada786c90 JavaThread "Sweeper thread" daemon [_thread_blocked, id=8844, stack(0x0000007d77a00000,0x0000007d77b00000)]
  0x0000023af613eb40 JavaThread "Common-Cleaner" daemon [_thread_blocked, id=23428, stack(0x0000007d77b00000,0x0000007d77c00000)]
  0x0000023af620e5a0 JavaThread "Notification Thread" daemon [_thread_blocked, id=27496, stack(0x0000007d77c00000,0x0000007d77d00000)]
  0x0000023afcf73a70 JavaThread "Daemon health stats" [_thread_blocked, id=26684, stack(0x0000007d78500000,0x0000007d78600000)]
  0x0000023afc94d870 JavaThread "Incoming local TCP Connector on port 57425" [_thread_in_native, id=24064, stack(0x0000007d78600000,0x0000007d78700000)]
  0x0000023afc72f6c0 JavaThread "Daemon periodic checks" [_thread_blocked, id=6856, stack(0x0000007d78700000,0x0000007d78800000)]
  0x0000023afce2a3b0 JavaThread "Cache worker for journal cache (C:\Users\jatin\.gradle\caches\journal-1)" [_thread_blocked, id=27516, stack(0x0000007d78f00000,0x0000007d79000000)]
  0x0000023afce29480 JavaThread "File lock request listener" [_thread_in_native, id=28220, stack(0x0000007d79000000,0x0000007d79100000)]
  0x0000023afce2add0 JavaThread "Cache worker for file hash cache (C:\Users\jatin\.gradle\caches\8.3\fileHashes)" [_thread_blocked, id=28776, stack(0x0000007d79100000,0x0000007d79200000)]
  0x0000023afce29ea0 JavaThread "File watcher server" daemon [_thread_in_native, id=22844, stack(0x0000007d79200000,0x0000007d79300000)]
  0x0000023afce2a8c0 JavaThread "File watcher consumer" daemon [_thread_blocked, id=21540, stack(0x0000007d79300000,0x0000007d79400000)]
  0x0000023afd0be670 JavaThread "Cache worker for file content cache (C:\Users\jatin\.gradle\caches\8.3\fileContent)" [_thread_blocked, id=14280, stack(0x0000007d79700000,0x0000007d79800000)]
  0x0000023afd0bdc50 JavaThread "Cache worker for execution history cache (C:\Users\jatin\.gradle\caches\8.3\executionHistory)" [_thread_blocked, id=30080, stack(0x0000007d79c00000,0x0000007d79d00000)]
  0x0000023afd0baec0 JavaThread "jar transforms" [_thread_blocked, id=27276, stack(0x0000007d79d00000,0x0000007d79e00000)]
  0x0000023afd0beb80 JavaThread "jar transforms Thread 2" [_thread_blocked, id=26360, stack(0x0000007d79e00000,0x0000007d79f00000)]
  0x0000023afd0bd230 JavaThread "jar transforms Thread 3" [_thread_blocked, id=30668, stack(0x0000007d79f00000,0x0000007d7a000000)]
  0x0000023afd0bf5a0 JavaThread "jar transforms Thread 4" [_thread_blocked, id=2032, stack(0x0000007d7a000000,0x0000007d7a100000)]
  0x0000023afd0b9060 JavaThread "Cache worker for kotlin-dsl (C:\Users\jatin\.gradle\caches\8.3\kotlin-dsl)" [_thread_blocked, id=25780, stack(0x0000007d77f00000,0x0000007d78000000)]
  0x0000023afd0bcd20 JavaThread "jar transforms Thread 5" [_thread_blocked, id=25580, stack(0x0000007d7a200000,0x0000007d7a300000)]
  0x0000023afd0ba4a0 JavaThread "jar transforms Thread 6" [_thread_blocked, id=12776, stack(0x0000007d7a300000,0x0000007d7a400000)]
  0x0000023afd0be160 JavaThread "jar transforms Thread 7" [_thread_blocked, id=28136, stack(0x0000007d7a600000,0x0000007d7a700000)]
  0x0000023afd0ba9b0 JavaThread "jar transforms Thread 8" [_thread_blocked, id=26200, stack(0x0000007d7a700000,0x0000007d7a800000)]
  0x0000023afeb77e20 JavaThread "Memory manager" [_thread_blocked, id=4956, stack(0x0000007d7b100000,0x0000007d7b200000)]
  0x0000023aff09bb20 JavaThread "pool-3-thread-1" [_thread_blocked, id=30556, stack(0x0000007d7e400000,0x0000007d7e500000)]
  0x0000023a8515ef10 JavaThread "Monitor" [_thread_in_native, id=21944, stack(0x0000007d01000000,0x0000007d01100000)]
  0x0000023a85157aa0 JavaThread "JdwpProxyConnection" [_thread_in_native, id=29656, stack(0x0000007d01100000,0x0000007d01200000)]
  0x0000023a8515f420 JavaThread "Device List Monitor" [_thread_in_native, id=29084, stack(0x0000007d01200000,0x0000007d01300000)]
  0x0000023afb0e1000 JavaThread "Daemon Thread 2" [_thread_blocked, id=13972, stack(0x0000007d00000000,0x0000007d00100000)]
  0x0000023afb0dce30 JavaThread "Handler for socket connection from /127.0.0.1:57425 to /127.0.0.1:57768" [_thread_in_native, id=9124, stack(0x0000007d00100000,0x0000007d00200000)]
  0x0000023afb0e2e60 JavaThread "Cancel handler" [_thread_blocked, id=27304, stack(0x0000007d00200000,0x0000007d00300000)]
  0x0000023afb0e1f30 JavaThread "Daemon worker Thread 2" [_thread_in_native, id=29928, stack(0x0000007d00300000,0x0000007d00400000)]
  0x0000023afb0df1a0 JavaThread "Asynchronous log dispatcher for DefaultDaemonConnection: socket connection from /127.0.0.1:57425 to /127.0.0.1:57768" [_thread_blocked, id=6348, stack(0x0000007d00400000,0x0000007d00500000)]
  0x0000023afb0e0af0 JavaThread "Stdin handler" [_thread_blocked, id=18116, stack(0x0000007d00500000,0x0000007d00600000)]
  0x0000023afb0e1510 JavaThread "Daemon client event forwarder" [_thread_blocked, id=20112, stack(0x0000007d00600000,0x0000007d00700000)]
  0x0000023afb0e1a20 JavaThread "Cache worker for checksums cache (D:\Work (Metafic)\Practice\practice2\android\.gradle\8.3\checksums)" [_thread_blocked, id=11016, stack(0x0000007d00800000,0x0000007d00900000)]
  0x0000023afb0dec90 JavaThread "Cache worker for file hash cache (D:\Work (Metafic)\Practice\practice2\android\.gradle\8.3\fileHashes)" [_thread_blocked, id=26220, stack(0x0000007d00900000,0x0000007d00a00000)]
  0x0000023afb0e2440 JavaThread "Cache worker for cache directory md-supplier (C:\Users\jatin\.gradle\caches\8.3\md-supplier)" [_thread_blocked, id=13172, stack(0x0000007d00a00000,0x0000007d00b00000)]
  0x0000023afb0e3370 JavaThread "Cache worker for cache directory md-rule (C:\Users\jatin\.gradle\caches\8.3\md-rule)" [_thread_blocked, id=2180, stack(0x0000007d00b00000,0x0000007d00c00000)]
  0x0000023afc5d9ac0 JavaThread "C2 CompilerThread1" daemon [_thread_in_native, id=22180, stack(0x0000007d00700000,0x0000007d00800000)]
  0x0000023afb0e2950 JavaThread "Unconstrained build operations" [_thread_blocked, id=28336, stack(0x0000007d00c00000,0x0000007d00d00000)]
  0x0000023afb0e3880 JavaThread "Unconstrained build operations Thread 2" [_thread_blocked, id=3040, stack(0x0000007d00d00000,0x0000007d00e00000)]
  0x0000023afb0e3d90 JavaThread "Cache worker for dependencies-accessors (D:\Work (Metafic)\Practice\practice2\android\.gradle\8.3\dependencies-accessors)" [_thread_blocked, id=10360, stack(0x0000007d00e00000,0x0000007d00f00000)]
  0x0000023afc5db550 JavaThread "C2 CompilerThread2" daemon [_thread_in_native, id=24844, stack(0x0000007d00f00000,0x0000007d01000000)]
  0x0000023afb0dc920 JavaThread "Cache worker for Build Output Cleanup Cache (D:\Work (Metafic)\Practice\practice2\node_modules\@react-native\gradle-plugin\.gradle\buildOutputCleanup)" [_thread_blocked, id=27208, stack(0x0000007d01300000,0x0000007d01400000)]
  0x0000023afb0e42a0 JavaThread "Unconstrained build operations Thread 3" [_thread_blocked, id=17192, stack(0x0000007d01400000,0x0000007d01500000)]
  0x0000023afb0ddd60 JavaThread "Unconstrained build operations Thread 4" [_thread_blocked, id=25868, stack(0x0000007d01500000,0x0000007d01600000)]
  0x0000023afb0de270 JavaThread "Unconstrained build operations Thread 5" [_thread_blocked, id=26748, stack(0x0000007d01600000,0x0000007d01700000)]
  0x0000023afb0dd340 JavaThread "Unconstrained build operations Thread 6" [_thread_blocked, id=18100, stack(0x0000007d01700000,0x0000007d01800000)]
  0x0000023afb0dd850 JavaThread "Unconstrained build operations Thread 7" [_thread_blocked, id=30508, stack(0x0000007d01800000,0x0000007d01900000)]
  0x0000023afb0df6b0 JavaThread "Unconstrained build operations Thread 8" [_thread_blocked, id=1620, stack(0x0000007d01900000,0x0000007d01a00000)]
  0x0000023afb0dfbc0 JavaThread "Unconstrained build operations Thread 9" [_thread_blocked, id=20208, stack(0x0000007d01a00000,0x0000007d01b00000)]
  0x0000023afb0e00d0 JavaThread "Cache worker for Build Output Cleanup Cache (D:\Work (Metafic)\Practice\practice2\android\.gradle\buildOutputCleanup)" [_thread_blocked, id=8412, stack(0x0000007d01b00000,0x0000007d01c00000)]

Other Threads:
  0x0000023ada761f60 VMThread "VM Thread" [stack: 0x0000007d77100000,0x0000007d77200000] [id=20624]
  0x0000023af6247960 WatcherThread [stack: 0x0000007d77d00000,0x0000007d77e00000] [id=20572]
  0x0000023abc7ce610 GCTaskThread "GC Thread#0" [stack: 0x0000007d76c00000,0x0000007d76d00000] [id=14264]
  0x0000023afb13f680 GCTaskThread "GC Thread#1" [stack: 0x0000007d78000000,0x0000007d78100000] [id=24388]
  0x0000023af6362790 GCTaskThread "GC Thread#2" [stack: 0x0000007d78100000,0x0000007d78200000] [id=23192]
  0x0000023af6362a50 GCTaskThread "GC Thread#3" [stack: 0x0000007d78200000,0x0000007d78300000] [id=4708]
  0x0000023af6362d10 GCTaskThread "GC Thread#4" [stack: 0x0000007d78300000,0x0000007d78400000] [id=15732]
  0x0000023af6362fd0 GCTaskThread "GC Thread#5" [stack: 0x0000007d78400000,0x0000007d78500000] [id=11864]
  0x0000023afb728920 GCTaskThread "GC Thread#6" [stack: 0x0000007d79800000,0x0000007d79900000] [id=21676]
  0x0000023afb728be0 GCTaskThread "GC Thread#7" [stack: 0x0000007d79900000,0x0000007d79a00000] [id=23228]
  0x0000023abc7e0570 ConcurrentGCThread "G1 Main Marker" [stack: 0x0000007d76d00000,0x0000007d76e00000] [id=19612]
  0x0000023abc7e0f80 ConcurrentGCThread "G1 Conc#0" [stack: 0x0000007d76e00000,0x0000007d76f00000] [id=29532]
  0x0000023afc813c50 ConcurrentGCThread "G1 Conc#1" [stack: 0x0000007d79a00000,0x0000007d79b00000] [id=23948]
  0x0000023abc81e2e0 ConcurrentGCThread "G1 Refine#0" [stack: 0x0000007d76f00000,0x0000007d77000000] [id=23352]
  0x0000023ada6a00e0 ConcurrentGCThread "G1 Service" [stack: 0x0000007d77000000,0x0000007d77100000] [id=12932]

Threads with active compile tasks:
C2 CompilerThread0   681263 16379   !   4       java.util.concurrent.FutureTask::run (123 bytes)
C2 CompilerThread1   681263 16530   !   4       java.util.concurrent.ConcurrentHashMap::transfer (849 bytes)
C2 CompilerThread2   681263 16534       4       java.util.Spliterators$IteratorSpliterator::forEachRemaining (58 bytes)

VM state: not at safepoint (normal execution)

VM Mutex/Monitor currently owned by a thread: None

Heap address: 0x0000000080000000, size: 2048 MB, Compressed Oops mode: 32-bit

CDS archive(s) mapped at: [0x0000023adb000000-0x0000023adbbd0000-0x0000023adbbd0000), size 12386304, SharedBaseAddress: 0x0000023adb000000, ArchiveRelocationMode: 1.
Compressed class space mapped at: 0x0000023adc000000-0x0000023af6000000, reserved size: 436207616
Narrow klass base: 0x0000023adb000000, Narrow klass shift: 0, Narrow klass range: 0x100000000

GC Precious Log:
 CPUs: 8 total, 8 available
 Memory: 16291M
 Large Page Support: Disabled
 NUMA Support: Disabled
 Compressed Oops: Enabled (32-bit)
 Heap Region Size: 1M
 Heap Min Capacity: 8M
 Heap Initial Capacity: 256M
 Heap Max Capacity: 2G
 Pre-touch: Disabled
 Parallel Workers: 8
 Concurrent Workers: 2
 Concurrent Refinement Workers: 8
 Periodic GC: Disabled

Heap:
 garbage-first heap   total 239616K, used 194558K [0x0000000080000000, 0x0000000100000000)
  region size 1024K, 24 young (24576K), 2 survivors (2048K)
 Metaspace       used 107758K, committed 108672K, reserved 557056K
  class space    used 14669K, committed 15104K, reserved 425984K

Heap Regions: E=young(eden), S=young(survivor), O=old, HS=humongous(starts), HC=humongous(continues), CS=collection set, F=free, OA=open archive, CA=closed archive, TAMS=top-at-mark-start (previous, next)
|   0|0x0000000080000000, 0x0000000080100000, 0x0000000080100000|100%|HS|  |TAMS 0x0000000080100000, 0x0000000080000000| Complete 
|   1|0x0000000080100000, 0x0000000080200000, 0x0000000080200000|100%|HC|  |TAMS 0x0000000080200000, 0x0000000080100000| Complete 
|   2|0x0000000080200000, 0x0000000080300000, 0x0000000080300000|100%|HC|  |TAMS 0x0000000080300000, 0x0000000080200000| Complete 
|   3|0x0000000080300000, 0x0000000080400000, 0x0000000080400000|100%|HC|  |TAMS 0x0000000080400000, 0x0000000080300000| Complete 
|   4|0x0000000080400000, 0x0000000080500000, 0x0000000080500000|100%| O|  |TAMS 0x0000000080500000, 0x0000000080400000| Untracked 
|   5|0x0000000080500000, 0x0000000080600000, 0x0000000080600000|100%| O|  |TAMS 0x0000000080600000, 0x0000000080500000| Untracked 
|   6|0x0000000080600000, 0x0000000080700000, 0x0000000080700000|100%| O|  |TAMS 0x0000000080700000, 0x0000000080600000| Untracked 
|   7|0x0000000080700000, 0x0000000080800000, 0x0000000080800000|100%| O|  |TAMS 0x0000000080800000, 0x0000000080700000| Untracked 
|   8|0x0000000080800000, 0x0000000080900000, 0x0000000080900000|100%| O|  |TAMS 0x0000000080900000, 0x0000000080800000| Untracked 
|   9|0x0000000080900000, 0x0000000080a00000, 0x0000000080a00000|100%| O|  |TAMS 0x0000000080a00000, 0x0000000080900000| Untracked 
|  10|0x0000000080a00000, 0x0000000080b00000, 0x0000000080b00000|100%| O|  |TAMS 0x0000000080b00000, 0x0000000080a00000| Untracked 
|  11|0x0000000080b00000, 0x0000000080c00000, 0x0000000080c00000|100%| O|  |TAMS 0x0000000080c00000, 0x0000000080b00000| Untracked 
|  12|0x0000000080c00000, 0x0000000080d00000, 0x0000000080d00000|100%| O|  |TAMS 0x0000000080d00000, 0x0000000080c00000| Untracked 
|  13|0x0000000080d00000, 0x0000000080e00000, 0x0000000080e00000|100%| O|  |TAMS 0x0000000080e00000, 0x0000000080d00000| Untracked 
|  14|0x0000000080e00000, 0x0000000080f00000, 0x0000000080f00000|100%| O|  |TAMS 0x0000000080f00000, 0x0000000080e00000| Untracked 
|  15|0x0000000080f00000, 0x0000000081000000, 0x0000000081000000|100%| O|  |TAMS 0x0000000081000000, 0x0000000080f00000| Untracked 
|  16|0x0000000081000000, 0x0000000081100000, 0x0000000081100000|100%| O|  |TAMS 0x0000000081100000, 0x0000000081000000| Untracked 
|  17|0x0000000081100000, 0x0000000081200000, 0x0000000081200000|100%| O|  |TAMS 0x0000000081200000, 0x0000000081100000| Untracked 
|  18|0x0000000081200000, 0x0000000081300000, 0x0000000081300000|100%| O|  |TAMS 0x0000000081300000, 0x0000000081200000| Untracked 
|  19|0x0000000081300000, 0x0000000081400000, 0x0000000081400000|100%| O|  |TAMS 0x0000000081400000, 0x0000000081300000| Untracked 
|  20|0x0000000081400000, 0x0000000081500000, 0x0000000081500000|100%| O|  |TAMS 0x0000000081500000, 0x0000000081400000| Untracked 
|  21|0x0000000081500000, 0x0000000081600000, 0x0000000081600000|100%| O|  |TAMS 0x0000000081600000, 0x0000000081500000| Untracked 
|  22|0x0000000081600000, 0x0000000081700000, 0x0000000081700000|100%| O|  |TAMS 0x0000000081700000, 0x0000000081600000| Untracked 
|  23|0x0000000081700000, 0x0000000081800000, 0x0000000081800000|100%| O|  |TAMS 0x0000000081800000, 0x0000000081700000| Untracked 
|  24|0x0000000081800000, 0x0000000081900000, 0x0000000081900000|100%| O|  |TAMS 0x0000000081900000, 0x0000000081800000| Untracked 
|  25|0x0000000081900000, 0x0000000081a00000, 0x0000000081a00000|100%| O|  |TAMS 0x0000000081a00000, 0x0000000081900000| Untracked 
|  26|0x0000000081a00000, 0x0000000081b00000, 0x0000000081b00000|100%| O|  |TAMS 0x0000000081b00000, 0x0000000081a00000| Untracked 
|  27|0x0000000081b00000, 0x0000000081c00000, 0x0000000081c00000|100%| O|  |TAMS 0x0000000081c00000, 0x0000000081b00000| Untracked 
|  28|0x0000000081c00000, 0x0000000081d00000, 0x0000000081d00000|100%| O|  |TAMS 0x0000000081d00000, 0x0000000081c00000| Untracked 
|  29|0x0000000081d00000, 0x0000000081e00000, 0x0000000081e00000|100%| O|  |TAMS 0x0000000081e00000, 0x0000000081d00000| Untracked 
|  30|0x0000000081e00000, 0x0000000081f00000, 0x0000000081f00000|100%| O|  |TAMS 0x0000000081f00000, 0x0000000081e00000| Untracked 
|  31|0x0000000081f00000, 0x0000000082000000, 0x0000000082000000|100%| O|  |TAMS 0x0000000082000000, 0x0000000081f00000| Untracked 
|  32|0x0000000082000000, 0x0000000082100000, 0x0000000082100000|100%| O|  |TAMS 0x0000000082100000, 0x0000000082000000| Untracked 
|  33|0x0000000082100000, 0x0000000082200000, 0x0000000082200000|100%| O|  |TAMS 0x0000000082200000, 0x0000000082100000| Untracked 
|  34|0x0000000082200000, 0x0000000082300000, 0x0000000082300000|100%| O|  |TAMS 0x0000000082300000, 0x0000000082200000| Untracked 
|  35|0x0000000082300000, 0x0000000082400000, 0x0000000082400000|100%|HS|  |TAMS 0x0000000082400000, 0x0000000082300000| Complete 
|  36|0x0000000082400000, 0x0000000082500000, 0x0000000082500000|100%|HC|  |TAMS 0x0000000082500000, 0x0000000082400000| Complete 
|  37|0x0000000082500000, 0x0000000082600000, 0x0000000082600000|100%| O|  |TAMS 0x0000000082600000, 0x0000000082500000| Untracked 
|  38|0x0000000082600000, 0x0000000082700000, 0x0000000082700000|100%|HS|  |TAMS 0x0000000082700000, 0x0000000082600000| Complete 
|  39|0x0000000082700000, 0x0000000082800000, 0x0000000082800000|100%|HC|  |TAMS 0x0000000082800000, 0x0000000082700000| Complete 
|  40|0x0000000082800000, 0x0000000082900000, 0x0000000082900000|100%| O|  |TAMS 0x0000000082900000, 0x0000000082800000| Untracked 
|  41|0x0000000082900000, 0x0000000082a00000, 0x0000000082a00000|100%| O|  |TAMS 0x0000000082a00000, 0x0000000082900000| Untracked 
|  42|0x0000000082a00000, 0x0000000082b00000, 0x0000000082b00000|100%|HS|  |TAMS 0x0000000082b00000, 0x0000000082a00000| Complete 
|  43|0x0000000082b00000, 0x0000000082c00000, 0x0000000082c00000|100%|HC|  |TAMS 0x0000000082c00000, 0x0000000082b00000| Complete 
|  44|0x0000000082c00000, 0x0000000082d00000, 0x0000000082d00000|100%|HC|  |TAMS 0x0000000082d00000, 0x0000000082c00000| Complete 
|  45|0x0000000082d00000, 0x0000000082e00000, 0x0000000082e00000|100%|HC|  |TAMS 0x0000000082e00000, 0x0000000082d00000| Complete 
|  46|0x0000000082e00000, 0x0000000082f00000, 0x0000000082f00000|100%| O|  |TAMS 0x0000000082f00000, 0x0000000082e00000| Untracked 
|  47|0x0000000082f00000, 0x0000000083000000, 0x0000000083000000|100%| O|  |TAMS 0x0000000083000000, 0x0000000082f00000| Untracked 
|  48|0x0000000083000000, 0x0000000083100000, 0x0000000083100000|100%| O|  |TAMS 0x0000000083100000, 0x0000000083000000| Untracked 
|  49|0x0000000083100000, 0x0000000083200000, 0x0000000083200000|100%| O|  |TAMS 0x0000000083200000, 0x0000000083100000| Untracked 
|  50|0x0000000083200000, 0x0000000083300000, 0x0000000083300000|100%|HS|  |TAMS 0x0000000083300000, 0x0000000083200000| Complete 
|  51|0x0000000083300000, 0x0000000083400000, 0x0000000083400000|100%|HC|  |TAMS 0x0000000083400000, 0x0000000083300000| Complete 
|  52|0x0000000083400000, 0x0000000083500000, 0x0000000083500000|100%|HC|  |TAMS 0x0000000083500000, 0x0000000083400000| Complete 
|  53|0x0000000083500000, 0x0000000083600000, 0x0000000083600000|100%|HC|  |TAMS 0x0000000083600000, 0x0000000083500000| Complete 
|  54|0x0000000083600000, 0x0000000083700000, 0x0000000083700000|100%| O|  |TAMS 0x0000000083700000, 0x0000000083600000| Untracked 
|  55|0x0000000083700000, 0x0000000083800000, 0x0000000083800000|100%| O|  |TAMS 0x0000000083800000, 0x0000000083700000| Untracked 
|  56|0x0000000083800000, 0x0000000083900000, 0x0000000083900000|100%| O|  |TAMS 0x0000000083900000, 0x0000000083800000| Untracked 
|  57|0x0000000083900000, 0x0000000083a00000, 0x0000000083a00000|100%| O|  |TAMS 0x0000000083a00000, 0x0000000083900000| Untracked 
|  58|0x0000000083a00000, 0x0000000083b00000, 0x0000000083b00000|100%| O|  |TAMS 0x0000000083b00000, 0x0000000083a00000| Untracked 
|  59|0x0000000083b00000, 0x0000000083c00000, 0x0000000083c00000|100%| O|  |TAMS 0x0000000083c00000, 0x0000000083b00000| Untracked 
|  60|0x0000000083c00000, 0x0000000083d00000, 0x0000000083d00000|100%| O|  |TAMS 0x0000000083d00000, 0x0000000083c00000| Untracked 
|  61|0x0000000083d00000, 0x0000000083e00000, 0x0000000083e00000|100%| O|  |TAMS 0x0000000083e00000, 0x0000000083d00000| Untracked 
|  62|0x0000000083e00000, 0x0000000083f00000, 0x0000000083f00000|100%| O|  |TAMS 0x0000000083f00000, 0x0000000083e00000| Untracked 
|  63|0x0000000083f00000, 0x0000000084000000, 0x0000000084000000|100%| O|  |TAMS 0x0000000084000000, 0x0000000083f00000| Untracked 
|  64|0x0000000084000000, 0x0000000084100000, 0x0000000084100000|100%|HS|  |TAMS 0x0000000084000000, 0x0000000084000000| Complete 
|  65|0x0000000084100000, 0x0000000084200000, 0x0000000084200000|100%|HS|  |TAMS 0x0000000084200000, 0x0000000084100000| Complete 
|  66|0x0000000084200000, 0x0000000084300000, 0x0000000084300000|100%|HS|  |TAMS 0x0000000084300000, 0x0000000084200000| Complete 
|  67|0x0000000084300000, 0x0000000084400000, 0x0000000084400000|100%|HS|  |TAMS 0x0000000084400000, 0x0000000084300000| Complete 
|  68|0x0000000084400000, 0x0000000084500000, 0x0000000084500000|100%| O|  |TAMS 0x0000000084400000, 0x0000000084400000| Untracked 
|  69|0x0000000084500000, 0x0000000084600000, 0x0000000084600000|100%| O|  |TAMS 0x0000000084600000, 0x0000000084500000| Untracked 
|  70|0x0000000084600000, 0x0000000084700000, 0x0000000084700000|100%|HS|  |TAMS 0x0000000084700000, 0x0000000084600000| Complete 
|  71|0x0000000084700000, 0x0000000084800000, 0x0000000084800000|100%| O|  |TAMS 0x0000000084800000, 0x0000000084700000| Untracked 
|  72|0x0000000084800000, 0x0000000084900000, 0x0000000084900000|100%| O|  |TAMS 0x0000000084900000, 0x0000000084800000| Untracked 
|  73|0x0000000084900000, 0x0000000084a00000, 0x0000000084a00000|100%| O|  |TAMS 0x0000000084a00000, 0x0000000084900000| Untracked 
|  74|0x0000000084a00000, 0x0000000084b00000, 0x0000000084b00000|100%| O|  |TAMS 0x0000000084b00000, 0x0000000084a00000| Untracked 
|  75|0x0000000084b00000, 0x0000000084c00000, 0x0000000084c00000|100%| O|  |TAMS 0x0000000084c00000, 0x0000000084b00000| Untracked 
|  76|0x0000000084c00000, 0x0000000084d00000, 0x0000000084d00000|100%| O|  |TAMS 0x0000000084d00000, 0x0000000084c00000| Untracked 
|  77|0x0000000084d00000, 0x0000000084e00000, 0x0000000084e00000|100%| O|  |TAMS 0x0000000084e00000, 0x0000000084d00000| Untracked 
|  78|0x0000000084e00000, 0x0000000084f00000, 0x0000000084f00000|100%| O|  |TAMS 0x0000000084f00000, 0x0000000084e00000| Untracked 
|  79|0x0000000084f00000, 0x0000000085000000, 0x0000000085000000|100%| O|  |TAMS 0x0000000085000000, 0x0000000084f00000| Untracked 
|  80|0x0000000085000000, 0x0000000085100000, 0x0000000085100000|100%| O|  |TAMS 0x0000000085100000, 0x0000000085000000| Untracked 
|  81|0x0000000085100000, 0x0000000085200000, 0x0000000085200000|100%| O|  |TAMS 0x0000000085200000, 0x0000000085100000| Untracked 
|  82|0x0000000085200000, 0x0000000085300000, 0x0000000085300000|100%| O|  |TAMS 0x0000000085202200, 0x0000000085200000| Untracked 
|  83|0x0000000085300000, 0x0000000085400000, 0x0000000085400000|100%| O|  |TAMS 0x0000000085300000, 0x0000000085300000| Untracked 
|  84|0x0000000085400000, 0x0000000085500000, 0x0000000085500000|100%| O|  |TAMS 0x0000000085400000, 0x0000000085400000| Untracked 
|  85|0x0000000085500000, 0x0000000085600000, 0x0000000085600000|100%| O|  |TAMS 0x0000000085500000, 0x0000000085500000| Untracked 
|  86|0x0000000085600000, 0x0000000085700000, 0x0000000085700000|100%| O|  |TAMS 0x0000000085600000, 0x0000000085600000| Untracked 
|  87|0x0000000085700000, 0x0000000085800000, 0x0000000085800000|100%| O|  |TAMS 0x0000000085700000, 0x0000000085700000| Untracked 
|  88|0x0000000085800000, 0x0000000085900000, 0x0000000085900000|100%| O|  |TAMS 0x0000000085800000, 0x0000000085800000| Untracked 
|  89|0x0000000085900000, 0x0000000085a00000, 0x0000000085a00000|100%| O|  |TAMS 0x0000000085900000, 0x0000000085900000| Untracked 
|  90|0x0000000085a00000, 0x0000000085b00000, 0x0000000085b00000|100%| O|  |TAMS 0x0000000085a00000, 0x0000000085a00000| Untracked 
|  91|0x0000000085b00000, 0x0000000085c00000, 0x0000000085c00000|100%| O|  |TAMS 0x0000000085b00000, 0x0000000085b00000| Untracked 
|  92|0x0000000085c00000, 0x0000000085d00000, 0x0000000085d00000|100%|HS|  |TAMS 0x0000000085c00000, 0x0000000085c00000| Complete 
|  93|0x0000000085d00000, 0x0000000085e00000, 0x0000000085e00000|100%|HS|  |TAMS 0x0000000085d00000, 0x0000000085d00000| Complete 
|  94|0x0000000085e00000, 0x0000000085f00000, 0x0000000085f00000|100%|HS|  |TAMS 0x0000000085e00000, 0x0000000085e00000| Complete 
|  95|0x0000000085f00000, 0x0000000086000000, 0x0000000086000000|100%|HC|  |TAMS 0x0000000085f00000, 0x0000000085f00000| Complete 
|  96|0x0000000086000000, 0x0000000086100000, 0x0000000086100000|100%| O|  |TAMS 0x0000000086000000, 0x0000000086000000| Untracked 
|  97|0x0000000086100000, 0x0000000086200000, 0x0000000086200000|100%| O|  |TAMS 0x0000000086100000, 0x0000000086100000| Untracked 
|  98|0x0000000086200000, 0x0000000086300000, 0x0000000086300000|100%| O|  |TAMS 0x0000000086200000, 0x0000000086200000| Untracked 
|  99|0x0000000086300000, 0x0000000086400000, 0x0000000086400000|100%| O|  |TAMS 0x0000000086300000, 0x0000000086300000| Untracked 
| 100|0x0000000086400000, 0x0000000086500000, 0x0000000086500000|100%| O|  |TAMS 0x0000000086400000, 0x0000000086400000| Untracked 
| 101|0x0000000086500000, 0x0000000086600000, 0x0000000086600000|100%| O|  |TAMS 0x0000000086500000, 0x0000000086500000| Untracked 
| 102|0x0000000086600000, 0x0000000086700000, 0x0000000086700000|100%| O|  |TAMS 0x0000000086600000, 0x0000000086600000| Untracked 
| 103|0x0000000086700000, 0x0000000086800000, 0x0000000086800000|100%| O|  |TAMS 0x0000000086700000, 0x0000000086700000| Untracked 
| 104|0x0000000086800000, 0x0000000086900000, 0x0000000086900000|100%| O|  |TAMS 0x0000000086800000, 0x0000000086800000| Untracked 
| 105|0x0000000086900000, 0x0000000086a00000, 0x0000000086a00000|100%| O|  |TAMS 0x0000000086900000, 0x0000000086900000| Untracked 
| 106|0x0000000086a00000, 0x0000000086b00000, 0x0000000086b00000|100%| O|  |TAMS 0x0000000086a00000, 0x0000000086a00000| Untracked 
| 107|0x0000000086b00000, 0x0000000086c00000, 0x0000000086c00000|100%| O|  |TAMS 0x0000000086b00000, 0x0000000086b00000| Untracked 
| 108|0x0000000086c00000, 0x0000000086d00000, 0x0000000086d00000|100%| O|  |TAMS 0x0000000086c00000, 0x0000000086c00000| Untracked 
| 109|0x0000000086d00000, 0x0000000086e00000, 0x0000000086e00000|100%| O|  |TAMS 0x0000000086d00000, 0x0000000086d00000| Untracked 
| 110|0x0000000086e00000, 0x0000000086f00000, 0x0000000086f00000|100%| O|  |TAMS 0x0000000086e00000, 0x0000000086e00000| Untracked 
| 111|0x0000000086f00000, 0x0000000087000000, 0x0000000087000000|100%| O|  |TAMS 0x0000000086f00000, 0x0000000086f00000| Untracked 
| 112|0x0000000087000000, 0x0000000087100000, 0x0000000087100000|100%| O|  |TAMS 0x0000000087000000, 0x0000000087000000| Untracked 
| 113|0x0000000087100000, 0x0000000087200000, 0x0000000087200000|100%| O|  |TAMS 0x0000000087100000, 0x0000000087100000| Untracked 
| 114|0x0000000087200000, 0x0000000087300000, 0x0000000087300000|100%| O|  |TAMS 0x0000000087200000, 0x0000000087200000| Untracked 
| 115|0x0000000087300000, 0x0000000087400000, 0x0000000087400000|100%| O|  |TAMS 0x0000000087300000, 0x0000000087300000| Untracked 
| 116|0x0000000087400000, 0x0000000087500000, 0x0000000087500000|100%| O|  |TAMS 0x0000000087400000, 0x0000000087400000| Untracked 
| 117|0x0000000087500000, 0x0000000087600000, 0x0000000087600000|100%| O|  |TAMS 0x0000000087500000, 0x0000000087500000| Untracked 
| 118|0x0000000087600000, 0x0000000087700000, 0x0000000087700000|100%| O|  |TAMS 0x0000000087600000, 0x0000000087600000| Untracked 
| 119|0x0000000087700000, 0x0000000087800000, 0x0000000087800000|100%| O|  |TAMS 0x0000000087700000, 0x0000000087700000| Untracked 
| 120|0x0000000087800000, 0x0000000087900000, 0x0000000087900000|100%| O|  |TAMS 0x0000000087800000, 0x0000000087800000| Untracked 
| 121|0x0000000087900000, 0x0000000087a00000, 0x0000000087a00000|100%| O|  |TAMS 0x0000000087900000, 0x0000000087900000| Untracked 
| 122|0x0000000087a00000, 0x0000000087b00000, 0x0000000087b00000|100%| O|  |TAMS 0x0000000087a00000, 0x0000000087a00000| Untracked 
| 123|0x0000000087b00000, 0x0000000087c00000, 0x0000000087c00000|100%| O|  |TAMS 0x0000000087b00000, 0x0000000087b00000| Untracked 
| 124|0x0000000087c00000, 0x0000000087d00000, 0x0000000087d00000|100%| O|  |TAMS 0x0000000087c00000, 0x0000000087c00000| Untracked 
| 125|0x0000000087d00000, 0x0000000087e00000, 0x0000000087e00000|100%| O|  |TAMS 0x0000000087d00000, 0x0000000087d00000| Untracked 
| 126|0x0000000087e00000, 0x0000000087f00000, 0x0000000087f00000|100%| O|  |TAMS 0x0000000087e00000, 0x0000000087e00000| Untracked 
| 127|0x0000000087f00000, 0x0000000088000000, 0x0000000088000000|100%| O|  |TAMS 0x0000000087f00000, 0x0000000087f00000| Untracked 
| 128|0x0000000088000000, 0x0000000088100000, 0x0000000088100000|100%| O|  |TAMS 0x0000000088000000, 0x0000000088000000| Untracked 
| 129|0x0000000088100000, 0x0000000088200000, 0x0000000088200000|100%| O|  |TAMS 0x0000000088100000, 0x0000000088100000| Untracked 
| 130|0x0000000088200000, 0x0000000088300000, 0x0000000088300000|100%| O|  |TAMS 0x0000000088200000, 0x0000000088200000| Untracked 
| 131|0x0000000088300000, 0x0000000088400000, 0x0000000088400000|100%| O|  |TAMS 0x0000000088300000, 0x0000000088300000| Untracked 
| 132|0x0000000088400000, 0x0000000088500000, 0x0000000088500000|100%| O|  |TAMS 0x0000000088400000, 0x0000000088400000| Untracked 
| 133|0x0000000088500000, 0x0000000088600000, 0x0000000088600000|100%| O|  |TAMS 0x0000000088500000, 0x0000000088500000| Untracked 
| 134|0x0000000088600000, 0x0000000088700000, 0x0000000088700000|100%| O|  |TAMS 0x0000000088600000, 0x0000000088600000| Untracked 
| 135|0x0000000088700000, 0x0000000088800000, 0x0000000088800000|100%| O|  |TAMS 0x0000000088700000, 0x0000000088700000| Untracked 
| 136|0x0000000088800000, 0x0000000088900000, 0x0000000088900000|100%| O|  |TAMS 0x0000000088800000, 0x0000000088800000| Untracked 
| 137|0x0000000088900000, 0x0000000088a00000, 0x0000000088a00000|100%| O|  |TAMS 0x0000000088900000, 0x0000000088900000| Untracked 
| 138|0x0000000088a00000, 0x0000000088b00000, 0x0000000088b00000|100%| O|  |TAMS 0x0000000088a00000, 0x0000000088a00000| Untracked 
| 139|0x0000000088b00000, 0x0000000088c00000, 0x0000000088c00000|100%| O|  |TAMS 0x0000000088b00000, 0x0000000088b00000| Untracked 
| 140|0x0000000088c00000, 0x0000000088d00000, 0x0000000088d00000|100%| O|  |TAMS 0x0000000088c00000, 0x0000000088c00000| Untracked 
| 141|0x0000000088d00000, 0x0000000088e00000, 0x0000000088e00000|100%| O|  |TAMS 0x0000000088d00000, 0x0000000088d00000| Untracked 
| 142|0x0000000088e00000, 0x0000000088f00000, 0x0000000088f00000|100%| O|  |TAMS 0x0000000088e00000, 0x0000000088e00000| Untracked 
| 143|0x0000000088f00000, 0x0000000089000000, 0x0000000089000000|100%| O|  |TAMS 0x0000000088f00000, 0x0000000088f00000| Untracked 
| 144|0x0000000089000000, 0x0000000089100000, 0x0000000089100000|100%| O|  |TAMS 0x0000000089000000, 0x0000000089000000| Untracked 
| 145|0x0000000089100000, 0x0000000089200000, 0x0000000089200000|100%| O|  |TAMS 0x0000000089100000, 0x0000000089100000| Untracked 
| 146|0x0000000089200000, 0x0000000089300000, 0x0000000089300000|100%| O|  |TAMS 0x0000000089200000, 0x0000000089200000| Untracked 
| 147|0x0000000089300000, 0x0000000089400000, 0x0000000089400000|100%| O|  |TAMS 0x0000000089300000, 0x0000000089300000| Untracked 
| 148|0x0000000089400000, 0x0000000089500000, 0x0000000089500000|100%| O|  |TAMS 0x0000000089400000, 0x0000000089400000| Untracked 
| 149|0x0000000089500000, 0x0000000089600000, 0x0000000089600000|100%| O|  |TAMS 0x0000000089500000, 0x0000000089500000| Untracked 
| 150|0x0000000089600000, 0x0000000089700000, 0x0000000089700000|100%| O|  |TAMS 0x0000000089600000, 0x0000000089600000| Untracked 
| 151|0x0000000089700000, 0x0000000089800000, 0x0000000089800000|100%| O|  |TAMS 0x0000000089700000, 0x0000000089700000| Untracked 
| 152|0x0000000089800000, 0x0000000089900000, 0x0000000089900000|100%| O|  |TAMS 0x0000000089800000, 0x0000000089800000| Untracked 
| 153|0x0000000089900000, 0x0000000089a00000, 0x0000000089a00000|100%| O|  |TAMS 0x0000000089900000, 0x0000000089900000| Untracked 
| 154|0x0000000089a00000, 0x0000000089b00000, 0x0000000089b00000|100%| O|  |TAMS 0x0000000089a00000, 0x0000000089a00000| Untracked 
| 155|0x0000000089b00000, 0x0000000089c00000, 0x0000000089c00000|100%| O|  |TAMS 0x0000000089b00000, 0x0000000089b00000| Untracked 
| 156|0x0000000089c00000, 0x0000000089d00000, 0x0000000089d00000|100%| O|  |TAMS 0x0000000089c00000, 0x0000000089c00000| Untracked 
| 157|0x0000000089d00000, 0x0000000089e00000, 0x0000000089e00000|100%| O|  |TAMS 0x0000000089d00000, 0x0000000089d00000| Untracked 
| 158|0x0000000089e00000, 0x0000000089f00000, 0x0000000089f00000|100%| O|  |TAMS 0x0000000089e00000, 0x0000000089e00000| Untracked 
| 159|0x0000000089f00000, 0x000000008a000000, 0x000000008a000000|100%| O|  |TAMS 0x0000000089f00000, 0x0000000089f00000| Untracked 
| 160|0x000000008a000000, 0x000000008a100000, 0x000000008a100000|100%| O|  |TAMS 0x000000008a000000, 0x000000008a000000| Untracked 
| 161|0x000000008a100000, 0x000000008a200000, 0x000000008a200000|100%| O|  |TAMS 0x000000008a100000, 0x000000008a100000| Untracked 
| 162|0x000000008a200000, 0x000000008a300000, 0x000000008a300000|100%| O|  |TAMS 0x000000008a200000, 0x000000008a200000| Untracked 
| 163|0x000000008a300000, 0x000000008a400000, 0x000000008a400000|100%| O|  |TAMS 0x000000008a300000, 0x000000008a300000| Untracked 
| 164|0x000000008a400000, 0x000000008a500000, 0x000000008a500000|100%| O|  |TAMS 0x000000008a400000, 0x000000008a400000| Untracked 
| 165|0x000000008a500000, 0x000000008a600000, 0x000000008a600000|100%| O|  |TAMS 0x000000008a500000, 0x000000008a500000| Untracked 
| 166|0x000000008a600000, 0x000000008a700000, 0x000000008a700000|100%| O|  |TAMS 0x000000008a600000, 0x000000008a600000| Untracked 
| 167|0x000000008a700000, 0x000000008a78a600, 0x000000008a800000| 54%| O|  |TAMS 0x000000008a700000, 0x000000008a700000| Untracked 
| 168|0x000000008a800000, 0x000000008a800000, 0x000000008a900000|  0%| F|  |TAMS 0x000000008a800000, 0x000000008a800000| Untracked 
| 169|0x000000008a900000, 0x000000008a900000, 0x000000008aa00000|  0%| F|  |TAMS 0x000000008a900000, 0x000000008a900000| Untracked 
| 170|0x000000008aa00000, 0x000000008aa00000, 0x000000008ab00000|  0%| F|  |TAMS 0x000000008aa00000, 0x000000008aa00000| Untracked 
| 171|0x000000008ab00000, 0x000000008ab00000, 0x000000008ac00000|  0%| F|  |TAMS 0x000000008ab00000, 0x000000008ab00000| Untracked 
| 172|0x000000008ac00000, 0x000000008ac00000, 0x000000008ad00000|  0%| F|  |TAMS 0x000000008ac00000, 0x000000008ac00000| Untracked 
| 173|0x000000008ad00000, 0x000000008ad00000, 0x000000008ae00000|  0%| F|  |TAMS 0x000000008ad00000, 0x000000008ad00000| Untracked 
| 174|0x000000008ae00000, 0x000000008ae00000, 0x000000008af00000|  0%| F|  |TAMS 0x000000008ae00000, 0x000000008ae00000| Untracked 
| 175|0x000000008af00000, 0x000000008af00000, 0x000000008b000000|  0%| F|  |TAMS 0x000000008af00000, 0x000000008af00000| Untracked 
| 176|0x000000008b000000, 0x000000008b000000, 0x000000008b100000|  0%| F|  |TAMS 0x000000008b000000, 0x000000008b000000| Untracked 
| 177|0x000000008b100000, 0x000000008b100000, 0x000000008b200000|  0%| F|  |TAMS 0x000000008b100000, 0x000000008b100000| Untracked 
| 178|0x000000008b200000, 0x000000008b200000, 0x000000008b300000|  0%| F|  |TAMS 0x000000008b200000, 0x000000008b200000| Untracked 
| 179|0x000000008b300000, 0x000000008b300000, 0x000000008b400000|  0%| F|  |TAMS 0x000000008b300000, 0x000000008b300000| Untracked 
| 180|0x000000008b400000, 0x000000008b400000, 0x000000008b500000|  0%| F|  |TAMS 0x000000008b400000, 0x000000008b400000| Untracked 
| 181|0x000000008b500000, 0x000000008b500000, 0x000000008b600000|  0%| F|  |TAMS 0x000000008b500000, 0x000000008b500000| Untracked 
| 182|0x000000008b600000, 0x000000008b600000, 0x000000008b700000|  0%| F|  |TAMS 0x000000008b600000, 0x000000008b600000| Untracked 
| 183|0x000000008b700000, 0x000000008b700000, 0x000000008b800000|  0%| F|  |TAMS 0x000000008b700000, 0x000000008b700000| Untracked 
| 184|0x000000008b800000, 0x000000008b800000, 0x000000008b900000|  0%| F|  |TAMS 0x000000008b800000, 0x000000008b800000| Untracked 
| 185|0x000000008b900000, 0x000000008b900000, 0x000000008ba00000|  0%| F|  |TAMS 0x000000008b900000, 0x000000008b900000| Untracked 
| 186|0x000000008ba00000, 0x000000008ba00000, 0x000000008bb00000|  0%| F|  |TAMS 0x000000008ba00000, 0x000000008ba00000| Untracked 
| 187|0x000000008bb00000, 0x000000008bb00000, 0x000000008bc00000|  0%| F|  |TAMS 0x000000008bb00000, 0x000000008bb00000| Untracked 
| 188|0x000000008bc00000, 0x000000008bc00000, 0x000000008bd00000|  0%| F|  |TAMS 0x000000008bc00000, 0x000000008bc00000| Untracked 
| 189|0x000000008bd00000, 0x000000008bd00000, 0x000000008be00000|  0%| F|  |TAMS 0x000000008bd00000, 0x000000008bd00000| Untracked 
| 190|0x000000008be00000, 0x000000008be00000, 0x000000008bf00000|  0%| F|  |TAMS 0x000000008be00000, 0x000000008be00000| Untracked 
| 191|0x000000008bf00000, 0x000000008bf00000, 0x000000008c000000|  0%| F|  |TAMS 0x000000008bf00000, 0x000000008bf00000| Untracked 
| 192|0x000000008c000000, 0x000000008c000000, 0x000000008c100000|  0%| F|  |TAMS 0x000000008c000000, 0x000000008c000000| Untracked 
| 193|0x000000008c100000, 0x000000008c100000, 0x000000008c200000|  0%| F|  |TAMS 0x000000008c100000, 0x000000008c100000| Untracked 
| 194|0x000000008c200000, 0x000000008c200000, 0x000000008c300000|  0%| F|  |TAMS 0x000000008c200000, 0x000000008c200000| Untracked 
| 195|0x000000008c300000, 0x000000008c300000, 0x000000008c400000|  0%| F|  |TAMS 0x000000008c300000, 0x000000008c300000| Untracked 
| 196|0x000000008c400000, 0x000000008c400000, 0x000000008c500000|  0%| F|  |TAMS 0x000000008c400000, 0x000000008c400000| Untracked 
| 197|0x000000008c500000, 0x000000008c500000, 0x000000008c600000|  0%| F|  |TAMS 0x000000008c500000, 0x000000008c500000| Untracked 
| 198|0x000000008c600000, 0x000000008c675390, 0x000000008c700000| 45%| S|CS|TAMS 0x000000008c600000, 0x000000008c600000| Complete 
| 199|0x000000008c700000, 0x000000008c800000, 0x000000008c800000|100%| S|CS|TAMS 0x000000008c700000, 0x000000008c700000| Complete 
| 200|0x000000008c800000, 0x000000008c800000, 0x000000008c900000|  0%| F|  |TAMS 0x000000008c800000, 0x000000008c800000| Untracked 
| 201|0x000000008c900000, 0x000000008c900000, 0x000000008ca00000|  0%| F|  |TAMS 0x000000008c900000, 0x000000008c900000| Untracked 
| 202|0x000000008ca00000, 0x000000008ca00000, 0x000000008cb00000|  0%| F|  |TAMS 0x000000008ca00000, 0x000000008ca00000| Untracked 
| 203|0x000000008cb00000, 0x000000008cb00000, 0x000000008cc00000|  0%| F|  |TAMS 0x000000008cb00000, 0x000000008cb00000| Untracked 
| 204|0x000000008cc00000, 0x000000008cc00000, 0x000000008cd00000|  0%| F|  |TAMS 0x000000008cc00000, 0x000000008cc00000| Untracked 
| 205|0x000000008cd00000, 0x000000008cd00000, 0x000000008ce00000|  0%| F|  |TAMS 0x000000008cd00000, 0x000000008cd00000| Untracked 
| 206|0x000000008ce00000, 0x000000008ce00000, 0x000000008cf00000|  0%| F|  |TAMS 0x000000008ce00000, 0x000000008ce00000| Untracked 
| 207|0x000000008cf00000, 0x000000008cf00000, 0x000000008d000000|  0%| F|  |TAMS 0x000000008cf00000, 0x000000008cf00000| Untracked 
| 208|0x000000008d000000, 0x000000008d000000, 0x000000008d100000|  0%| F|  |TAMS 0x000000008d000000, 0x000000008d000000| Untracked 
| 209|0x000000008d100000, 0x000000008d100000, 0x000000008d200000|  0%| F|  |TAMS 0x000000008d100000, 0x000000008d100000| Untracked 
| 210|0x000000008d200000, 0x000000008d200000, 0x000000008d300000|  0%| F|  |TAMS 0x000000008d200000, 0x000000008d200000| Untracked 
| 211|0x000000008d300000, 0x000000008d349130, 0x000000008d400000| 28%| E|  |TAMS 0x000000008d300000, 0x000000008d300000| Complete 
| 212|0x000000008d400000, 0x000000008d500000, 0x000000008d500000|100%| E|CS|TAMS 0x000000008d400000, 0x000000008d400000| Complete 
| 213|0x000000008d500000, 0x000000008d600000, 0x000000008d600000|100%| E|CS|TAMS 0x000000008d500000, 0x000000008d500000| Complete 
| 214|0x000000008d600000, 0x000000008d700000, 0x000000008d700000|100%| E|CS|TAMS 0x000000008d600000, 0x000000008d600000| Complete 
| 215|0x000000008d700000, 0x000000008d800000, 0x000000008d800000|100%| E|CS|TAMS 0x000000008d700000, 0x000000008d700000| Complete 
| 216|0x000000008d800000, 0x000000008d900000, 0x000000008d900000|100%| E|CS|TAMS 0x000000008d800000, 0x000000008d800000| Complete 
| 217|0x000000008d900000, 0x000000008da00000, 0x000000008da00000|100%| E|CS|TAMS 0x000000008d900000, 0x000000008d900000| Complete 
| 218|0x000000008da00000, 0x000000008db00000, 0x000000008db00000|100%| E|CS|TAMS 0x000000008da00000, 0x000000008da00000| Complete 
| 219|0x000000008db00000, 0x000000008dc00000, 0x000000008dc00000|100%| E|CS|TAMS 0x000000008db00000, 0x000000008db00000| Complete 
| 220|0x000000008dc00000, 0x000000008dd00000, 0x000000008dd00000|100%| E|CS|TAMS 0x000000008dc00000, 0x000000008dc00000| Complete 
| 221|0x000000008dd00000, 0x000000008de00000, 0x000000008de00000|100%| E|CS|TAMS 0x000000008dd00000, 0x000000008dd00000| Complete 
| 222|0x000000008de00000, 0x000000008df00000, 0x000000008df00000|100%| E|CS|TAMS 0x000000008de00000, 0x000000008de00000| Complete 
| 223|0x000000008df00000, 0x000000008e000000, 0x000000008e000000|100%| E|CS|TAMS 0x000000008df00000, 0x000000008df00000| Complete 
| 224|0x000000008e000000, 0x000000008e100000, 0x000000008e100000|100%| E|CS|TAMS 0x000000008e000000, 0x000000008e000000| Complete 
| 225|0x000000008e100000, 0x000000008e200000, 0x000000008e200000|100%| E|CS|TAMS 0x000000008e100000, 0x000000008e100000| Complete 
| 226|0x000000008e200000, 0x000000008e300000, 0x000000008e300000|100%| E|CS|TAMS 0x000000008e200000, 0x000000008e200000| Complete 
| 227|0x000000008e300000, 0x000000008e400000, 0x000000008e400000|100%| E|CS|TAMS 0x000000008e300000, 0x000000008e300000| Complete 
| 228|0x000000008e400000, 0x000000008e500000, 0x000000008e500000|100%| E|CS|TAMS 0x000000008e400000, 0x000000008e400000| Complete 
| 229|0x000000008e500000, 0x000000008e600000, 0x000000008e600000|100%| E|CS|TAMS 0x000000008e500000, 0x000000008e500000| Complete 
| 230|0x000000008e600000, 0x000000008e700000, 0x000000008e700000|100%| E|CS|TAMS 0x000000008e600000, 0x000000008e600000| Complete 
| 231|0x000000008e700000, 0x000000008e800000, 0x000000008e800000|100%| E|CS|TAMS 0x000000008e700000, 0x000000008e700000| Complete 
| 232|0x000000008e800000, 0x000000008e900000, 0x000000008e900000|100%| E|CS|TAMS 0x000000008e800000, 0x000000008e800000| Complete 
| 255|0x000000008ff00000, 0x0000000090000000, 0x0000000090000000|100%| E|CS|TAMS 0x000000008ff00000, 0x000000008ff00000| Complete 

Card table byte_map: [0x0000023ad3990000,0x0000023ad3d90000] _byte_map_base: 0x0000023ad3590000

Marking Bits (Prev, Next): (CMBitMap*) 0x0000023abc7cec70, (CMBitMap*) 0x0000023abc7cec30
 Prev Bits: [0x0000023ad6190000, 0x0000023ad8190000)
 Next Bits: [0x0000023ad4190000, 0x0000023ad6190000)

Polling page: 0x0000023abbf20000

Metaspace:

Usage:
  Non-class:     90.91 MB used.
      Class:     14.33 MB used.
       Both:    105.23 MB used.

Virtual space:
  Non-class space:      128.00 MB reserved,      91.38 MB ( 71%) committed,  2 nodes.
      Class space:      416.00 MB reserved,      14.75 MB (  4%) committed,  1 nodes.
             Both:      544.00 MB reserved,     106.12 MB ( 20%) committed. 

Chunk freelists:
   Non-Class:  4.64 MB
       Class:  1.20 MB
        Both:  5.84 MB

MaxMetaspaceSize: 512.00 MB
CompressedClassSpaceSize: 416.00 MB
Initial GC threshold: 21.00 MB
Current GC threshold: 123.38 MB
CDS: on
MetaspaceReclaimPolicy: balanced
 - commit_granule_bytes: 65536.
 - commit_granule_words: 8192.
 - virtual_space_node_default_size: 8388608.
 - enlarge_chunks_in_place: 1.
 - new_chunks_are_fully_committed: 0.
 - uncommit_free_chunks: 1.
 - use_allocation_guard: 0.
 - handle_deallocations: 1.


Internal statistics:

num_allocs_failed_limit: 6.
num_arena_births: 1290.
num_arena_deaths: 0.
num_vsnodes_births: 3.
num_vsnodes_deaths: 0.
num_space_committed: 1696.
num_space_uncommitted: 0.
num_chunks_returned_to_freelist: 6.
num_chunks_taken_from_freelist: 5976.
num_chunk_merges: 6.
num_chunk_splits: 3893.
num_chunks_enlarged: 2494.
num_inconsistent_stats: 0.

CodeHeap 'non-profiled nmethods': size=120000Kb used=9965Kb max_used=10115Kb free=110034Kb
 bounds [0x0000023acbd30000, 0x0000023acc720000, 0x0000023ad3260000]
CodeHeap 'profiled nmethods': size=120000Kb used=26881Kb max_used=26881Kb free=93119Kb
 bounds [0x0000023ac4260000, 0x0000023ac5cb0000, 0x0000023acb790000]
CodeHeap 'non-nmethods': size=5760Kb used=2406Kb max_used=2530Kb free=3353Kb
 bounds [0x0000023acb790000, 0x0000023acba20000, 0x0000023acbd30000]
 total_blobs=14934 nmethods=13993 adapters=853
 compilation: enabled
              stopped_count=0, restarted_count=0
 full_count=0

Compilation events (20 events):
Event: 681.177 Thread 0x0000023ada784370 16448       3       org.apache.commons.lang.text.StrBuilder::append (54 bytes)
Event: 681.177 Thread 0x0000023ada784370 nmethod 16448 0x0000023ac4545510 code [0x0000023ac4545700, 0x0000023ac4545b88]
Event: 681.177 Thread 0x0000023ada784370 16449       3       org.apache.commons.lang.text.StrBuilder::toString (17 bytes)
Event: 681.178 Thread 0x0000023ada784370 nmethod 16449 0x0000023ac4d31a90 code [0x0000023ac4d31c40, 0x0000023ac4d31de8]
Event: 681.178 Thread 0x0000023ada784370 16450       1       org.gradle.api.tasks.compile.CompileOptions_Decorated::getModelIdentityDisplayName (5 bytes)
Event: 681.178 Thread 0x0000023ada784370 nmethod 16450 0x0000023acc2c3590 code [0x0000023acc2c3720, 0x0000023acc2c37f8]
Event: 681.180 Thread 0x0000023ada784370 16451       3       com.google.common.cache.CacheBuilder::getKeyStrength (14 bytes)
Event: 681.180 Thread 0x0000023ada784370 nmethod 16451 0x0000023ac500d110 code [0x0000023ac500d2c0, 0x0000023ac500d578]
Event: 681.180 Thread 0x0000023ada784370 16452       3       com.google.common.cache.CacheBuilder::getValueStrength (14 bytes)
Event: 681.181 Thread 0x0000023ada784370 nmethod 16452 0x0000023ac4b0cf10 code [0x0000023ac4b0d0c0, 0x0000023ac4b0d378]
Event: 681.182 Thread 0x0000023ada784370 16454       3       org.gradle.api.internal.DefaultNamedDomainObjectCollection::<init> (77 bytes)
Event: 681.183 Thread 0x0000023ada784370 nmethod 16454 0x0000023ac4922a10 code [0x0000023ac4922ce0, 0x0000023ac4924038]
Event: 681.183 Thread 0x0000023ada784370 16455       3       org.gradle.api.internal.DefaultNamedDomainObjectCollection$UnfilteredIndex::<init> (23 bytes)
Event: 681.183 Thread 0x0000023ada784370 nmethod 16455 0x0000023ac4af2790 code [0x0000023ac4af2980, 0x0000023ac4af2f78]
Event: 681.185 Thread 0x0000023ada784370 16456       1       org.gradle.internal.resource.transport.ResourceConnectorRepositoryTransport::isLocal (2 bytes)
Event: 681.185 Thread 0x0000023ada784370 nmethod 16456 0x0000023acc2c3290 code [0x0000023acc2c3420, 0x0000023acc2c34f8]
Event: 681.185 Thread 0x0000023ada784370 16457       1       org.gradle.internal.resource.transport.ResourceConnectorRepositoryTransport::getRepository (5 bytes)
Event: 681.185 Thread 0x0000023ada784370 nmethod 16457 0x0000023acc2c2f90 code [0x0000023acc2c3120, 0x0000023acc2c31f8]
Event: 681.185 Thread 0x0000023ada784370 16458       1       org.gradle.api.internal.artifacts.ivyservice.modulecache.ModuleRepositoryCacheProvider::getPersistentCaches (5 bytes)
Event: 681.185 Thread 0x0000023ada784370 nmethod 16458 0x0000023acc2c2c90 code [0x0000023acc2c2e20, 0x0000023acc2c2ef8]

GC Heap History (20 events):
Event: 23.316 GC heap before
{Heap before GC invocations=61 (full 0):
 garbage-first heap   total 239616K, used 199026K [0x0000000080000000, 0x0000000100000000)
  region size 1024K, 60 young (61440K), 3 survivors (3072K)
 Metaspace       used 101149K, committed 102080K, reserved 557056K
  class space    used 14051K, committed 14464K, reserved 425984K
}
Event: 23.321 GC heap after
{Heap after GC invocations=62 (full 0):
 garbage-first heap   total 239616K, used 147227K [0x0000000080000000, 0x0000000100000000)
  region size 1024K, 8 young (8192K), 8 survivors (8192K)
 Metaspace       used 101149K, committed 102080K, reserved 557056K
  class space    used 14051K, committed 14464K, reserved 425984K
}
Event: 23.941 GC heap before
{Heap before GC invocations=62 (full 0):
 garbage-first heap   total 239616K, used 207643K [0x0000000080000000, 0x0000000100000000)
  region size 1024K, 60 young (61440K), 8 survivors (8192K)
 Metaspace       used 101203K, committed 102080K, reserved 557056K
  class space    used 14054K, committed 14464K, reserved 425984K
}
Event: 23.949 GC heap after
{Heap after GC invocations=63 (full 0):
 garbage-first heap   total 239616K, used 151219K [0x0000000080000000, 0x0000000100000000)
  region size 1024K, 5 young (5120K), 5 survivors (5120K)
 Metaspace       used 101203K, committed 102080K, reserved 557056K
  class space    used 14054K, committed 14464K, reserved 425984K
}
Event: 24.299 GC heap before
{Heap before GC invocations=63 (full 0):
 garbage-first heap   total 239616K, used 212659K [0x0000000080000000, 0x0000000100000000)
  region size 1024K, 54 young (55296K), 5 survivors (5120K)
 Metaspace       used 101443K, committed 102400K, reserved 557056K
  class space    used 14066K, committed 14528K, reserved 425984K
}
Event: 24.305 GC heap after
{Heap after GC invocations=64 (full 0):
 garbage-first heap   total 239616K, used 156107K [0x0000000080000000, 0x0000000100000000)
  region size 1024K, 5 young (5120K), 5 survivors (5120K)
 Metaspace       used 101443K, committed 102400K, reserved 557056K
  class space    used 14066K, committed 14528K, reserved 425984K
}
Event: 24.668 GC heap before
{Heap before GC invocations=64 (full 0):
 garbage-first heap   total 239616K, used 206283K [0x0000000080000000, 0x0000000100000000)
  region size 1024K, 51 young (52224K), 5 survivors (5120K)
 Metaspace       used 101538K, committed 102464K, reserved 557056K
  class space    used 14074K, committed 14528K, reserved 425984K
}
Event: 24.674 GC heap after
{Heap after GC invocations=65 (full 0):
 garbage-first heap   total 239616K, used 159149K [0x0000000080000000, 0x0000000100000000)
  region size 1024K, 3 young (3072K), 3 survivors (3072K)
 Metaspace       used 101538K, committed 102464K, reserved 557056K
  class space    used 14074K, committed 14528K, reserved 425984K
}
Event: 24.974 GC heap before
{Heap before GC invocations=65 (full 0):
 garbage-first heap   total 239616K, used 211373K [0x0000000080000000, 0x0000000100000000)
  region size 1024K, 47 young (48128K), 3 survivors (3072K)
 Metaspace       used 101729K, committed 102656K, reserved 557056K
  class space    used 14097K, committed 14528K, reserved 425984K
}
Event: 24.979 GC heap after
{Heap after GC invocations=66 (full 0):
 garbage-first heap   total 239616K, used 162538K [0x0000000080000000, 0x0000000100000000)
  region size 1024K, 6 young (6144K), 6 survivors (6144K)
 Metaspace       used 101729K, committed 102656K, reserved 557056K
  class space    used 14097K, committed 14528K, reserved 425984K
}
Event: 25.194 GC heap before
{Heap before GC invocations=66 (full 0):
 garbage-first heap   total 239616K, used 207594K [0x0000000080000000, 0x0000000100000000)
  region size 1024K, 47 young (48128K), 6 survivors (6144K)
 Metaspace       used 101774K, committed 102656K, reserved 557056K
  class space    used 14098K, committed 14528K, reserved 425984K
}
Event: 25.199 GC heap after
{Heap after GC invocations=67 (full 0):
 garbage-first heap   total 239616K, used 165449K [0x0000000080000000, 0x0000000100000000)
  region size 1024K, 3 young (3072K), 3 survivors (3072K)
 Metaspace       used 101774K, committed 102656K, reserved 557056K
  class space    used 14098K, committed 14528K, reserved 425984K
}
Event: 25.357 GC heap before
{Heap before GC invocations=67 (full 0):
 garbage-first heap   total 239616K, used 204361K [0x0000000080000000, 0x0000000100000000)
  region size 1024K, 42 young (43008K), 3 survivors (3072K)
 Metaspace       used 101802K, committed 102720K, reserved 557056K
  class space    used 14099K, committed 14528K, reserved 425984K
}
Event: 25.360 GC heap after
{Heap after GC invocations=68 (full 0):
 garbage-first heap   total 239616K, used 166664K [0x0000000080000000, 0x0000000100000000)
  region size 1024K, 5 young (5120K), 5 survivors (5120K)
 Metaspace       used 101802K, committed 102720K, reserved 557056K
  class space    used 14099K, committed 14528K, reserved 425984K
}
Event: 25.998 GC heap before
{Heap before GC invocations=68 (full 0):
 garbage-first heap   total 239616K, used 209672K [0x0000000080000000, 0x0000000100000000)
  region size 1024K, 44 young (45056K), 5 survivors (5120K)
 Metaspace       used 102870K, committed 103808K, reserved 557056K
  class space    used 14233K, committed 14656K, reserved 425984K
}
Event: 26.004 GC heap after
{Heap after GC invocations=69 (full 0):
 garbage-first heap   total 239616K, used 169136K [0x0000000080000000, 0x0000000100000000)
  region size 1024K, 5 young (5120K), 5 survivors (5120K)
 Metaspace       used 102870K, committed 103808K, reserved 557056K
  class space    used 14233K, committed 14656K, reserved 425984K
}
Event: 36.539 GC heap before
{Heap before GC invocations=69 (full 0):
 garbage-first heap   total 239616K, used 204976K [0x0000000080000000, 0x0000000100000000)
  region size 1024K, 41 young (41984K), 5 survivors (5120K)
 Metaspace       used 105685K, committed 106624K, reserved 557056K
  class space    used 14541K, committed 14976K, reserved 425984K
}
Event: 36.544 GC heap after
{Heap after GC invocations=70 (full 0):
 garbage-first heap   total 239616K, used 171807K [0x0000000080000000, 0x0000000100000000)
  region size 1024K, 6 young (6144K), 6 survivors (6144K)
 Metaspace       used 105685K, committed 106624K, reserved 557056K
  class space    used 14541K, committed 14976K, reserved 425984K
}
Event: 681.062 GC heap before
{Heap before GC invocations=70 (full 0):
 garbage-first heap   total 239616K, used 205598K [0x0000000080000000, 0x0000000100000000)
  region size 1024K, 40 young (40960K), 6 survivors (6144K)
 Metaspace       used 107643K, committed 108608K, reserved 557056K
  class space    used 14665K, committed 15104K, reserved 425984K
}
Event: 681.066 GC heap after
{Heap after GC invocations=71 (full 0):
 garbage-first heap   total 239616K, used 173054K [0x0000000080000000, 0x0000000100000000)
  region size 1024K, 2 young (2048K), 2 survivors (2048K)
 Metaspace       used 107643K, committed 108608K, reserved 557056K
  class space    used 14665K, committed 15104K, reserved 425984K
}

Dll operation events (14 events):
Event: 0.010 Loaded shared library C:\Program Files\Microsoft\jdk-17.0.8.7-hotspot\bin\java.dll
Event: 0.024 Loaded shared library C:\Program Files\Microsoft\jdk-17.0.8.7-hotspot\bin\jsvml.dll
Event: 0.056 Loaded shared library C:\Program Files\Microsoft\jdk-17.0.8.7-hotspot\bin\zip.dll
Event: 0.059 Loaded shared library C:\Program Files\Microsoft\jdk-17.0.8.7-hotspot\bin\instrument.dll
Event: 0.062 Loaded shared library C:\Program Files\Microsoft\jdk-17.0.8.7-hotspot\bin\net.dll
Event: 0.063 Loaded shared library C:\Program Files\Microsoft\jdk-17.0.8.7-hotspot\bin\nio.dll
Event: 0.065 Loaded shared library C:\Program Files\Microsoft\jdk-17.0.8.7-hotspot\bin\zip.dll
Event: 0.218 Loaded shared library C:\Program Files\Microsoft\jdk-17.0.8.7-hotspot\bin\jimage.dll
Event: 0.277 Loaded shared library C:\Program Files\Microsoft\jdk-17.0.8.7-hotspot\bin\verify.dll
Event: 0.407 Loaded shared library C:\Users\jatin\.gradle\native\68d5fa5c4cc2d200863cafc0d521ce42e7d3e7ee720ec0a83991735586a16f82\windows-amd64\native-platform.dll
Event: 0.420 Loaded shared library C:\Users\jatin\.gradle\native\e376f236ea51e6404a007f0833ffe2c6e607c4080706a723a18a27aeea778392\windows-amd64\native-platform-file-events.dll
Event: 1.157 Loaded shared library C:\Program Files\Microsoft\jdk-17.0.8.7-hotspot\bin\management.dll
Event: 1.159 Loaded shared library C:\Program Files\Microsoft\jdk-17.0.8.7-hotspot\bin\management_ext.dll
Event: 1.498 Loaded shared library C:\Program Files\Microsoft\jdk-17.0.8.7-hotspot\bin\sunmscapi.dll

Deoptimization events (20 events):
Event: 681.103 Thread 0x0000023afb0e1f30 Uncommon trap: trap_request=0xffffffc6 fr.pc=0x0000023acc386890 relative=0x0000000000000170
Event: 681.103 Thread 0x0000023afb0e1f30 Uncommon trap: reason=bimorphic_or_optimized_type_check action=maybe_recompile pc=0x0000023acc386890 method=java.util.ArrayList.hashCodeRange(II)I @ 53 c2
Event: 681.103 Thread 0x0000023afb0e1f30 DEOPT PACKING pc=0x0000023acc386890 sp=0x0000007d003f8400
Event: 681.103 Thread 0x0000023afb0e1f30 DEOPT UNPACKING pc=0x0000023acb7e69a3 sp=0x0000007d003f8300 mode 2
Event: 681.103 Thread 0x0000023afb0e1f30 Uncommon trap: trap_request=0xffffffc6 fr.pc=0x0000023acc386890 relative=0x0000000000000170
Event: 681.103 Thread 0x0000023afb0e1f30 Uncommon trap: reason=bimorphic_or_optimized_type_check action=maybe_recompile pc=0x0000023acc386890 method=java.util.ArrayList.hashCodeRange(II)I @ 53 c2
Event: 681.104 Thread 0x0000023afb0e1f30 DEOPT PACKING pc=0x0000023acc386890 sp=0x0000007d003f8460
Event: 681.104 Thread 0x0000023afb0e1f30 DEOPT UNPACKING pc=0x0000023acb7e69a3 sp=0x0000007d003f8360 mode 2
Event: 681.108 Thread 0x0000023afb0e1f30 Uncommon trap: trap_request=0xffffffc6 fr.pc=0x0000023acc5a4d18 relative=0x00000000000076f8
Event: 681.109 Thread 0x0000023afb0e1f30 Uncommon trap: reason=bimorphic_or_optimized_type_check action=maybe_recompile pc=0x0000023acc5a4d18 method=org.gradle.api.internal.artifacts.ivyservice.ivyresolve.RepositoryChainArtifactResolver.resolveArtifact(Lorg/gradle/internal/component/model/Compon
Event: 681.109 Thread 0x0000023afb0e1f30 DEOPT PACKING pc=0x0000023acc5a4d18 sp=0x0000007d003f7b90
Event: 681.109 Thread 0x0000023afb0e1f30 DEOPT UNPACKING pc=0x0000023acb7e69a3 sp=0x0000007d003f7808 mode 2
Event: 681.141 Thread 0x0000023afb0e1f30 Uncommon trap: trap_request=0xffffffc6 fr.pc=0x0000023acc5a4d18 relative=0x00000000000076f8
Event: 681.141 Thread 0x0000023afb0e1f30 Uncommon trap: reason=bimorphic_or_optimized_type_check action=maybe_recompile pc=0x0000023acc5a4d18 method=org.gradle.api.internal.artifacts.ivyservice.ivyresolve.RepositoryChainArtifactResolver.resolveArtifact(Lorg/gradle/internal/component/model/Compon
Event: 681.141 Thread 0x0000023afb0e1f30 DEOPT PACKING pc=0x0000023acc5a4d18 sp=0x0000007d003f81b0
Event: 681.141 Thread 0x0000023afb0e1f30 DEOPT UNPACKING pc=0x0000023acb7e69a3 sp=0x0000007d003f7e28 mode 2
Event: 681.184 Thread 0x0000023afb0e1f30 Uncommon trap: trap_request=0xffffffc6 fr.pc=0x0000023acbedf5f0 relative=0x0000000000000150
Event: 681.184 Thread 0x0000023afb0e1f30 Uncommon trap: reason=bimorphic_or_optimized_type_check action=maybe_recompile pc=0x0000023acbedf5f0 method=java.util.ArrayList.hashCodeRange(II)I @ 53 c2
Event: 681.184 Thread 0x0000023afb0e1f30 DEOPT PACKING pc=0x0000023acbedf5f0 sp=0x0000007d003f77f0
Event: 681.184 Thread 0x0000023afb0e1f30 DEOPT UNPACKING pc=0x0000023acb7e69a3 sp=0x0000007d003f7778 mode 2

Classes unloaded (0 events):
No events

Classes redefined (0 events):
No events

Internal exceptions (20 events):
Event: 36.364 Thread 0x0000023afb0dec90 Exception <a 'sun/nio/fs/WindowsException'{0x000000008dcefd98}> (0x000000008dcefd98) 
thrown [s\src\hotspot\share\prims\jni.cpp, line 516]
Event: 36.430 Thread 0x0000023afce2b2e0 Implicit null exception at 0x0000023acc4d9290 to 0x0000023acc4d99a8
Event: 36.474 Thread 0x0000023afce2b2e0 Implicit null exception at 0x0000023acc2ee4ec to 0x0000023acc2ee624
Event: 678.357 Thread 0x0000023afb0e1f30 Implicit null exception at 0x0000023acc364276 to 0x0000023acc36508c
Event: 678.357 Thread 0x0000023afb0e1f30 Implicit null exception at 0x0000023acc2a618f to 0x0000023acc2a61dc
Event: 678.357 Thread 0x0000023afb0e1f30 Implicit null exception at 0x0000023acc6b3555 to 0x0000023acc6b6fbc
Event: 678.391 Thread 0x0000023afb0e1f30 Exception <a 'sun/nio/fs/WindowsException'{0x000000008cb15a68}> (0x000000008cb15a68) 
thrown [s\src\hotspot\share\prims\jni.cpp, line 516]
Event: 678.393 Thread 0x0000023afb0e1f30 Exception <a 'sun/nio/fs/WindowsException'{0x000000008cb16ff0}> (0x000000008cb16ff0) 
thrown [s\src\hotspot\share\prims\jni.cpp, line 516]
Event: 678.393 Thread 0x0000023afb0e1f30 Exception <a 'sun/nio/fs/WindowsException'{0x000000008cb18578}> (0x000000008cb18578) 
thrown [s\src\hotspot\share\prims\jni.cpp, line 516]
Event: 678.394 Thread 0x0000023afb0e1f30 Exception <a 'sun/nio/fs/WindowsException'{0x000000008cb19d38}> (0x000000008cb19d38) 
thrown [s\src\hotspot\share\prims\jni.cpp, line 516]
Event: 681.039 Thread 0x0000023afb0e1f30 Exception <a 'sun/nio/fs/WindowsException'{0x000000008ca27388}> (0x000000008ca27388) 
thrown [s\src\hotspot\share\prims\jni.cpp, line 516]
Event: 681.040 Thread 0x0000023afb0e1f30 Exception <a 'sun/nio/fs/WindowsException'{0x000000008ca28bb8}> (0x000000008ca28bb8) 
thrown [s\src\hotspot\share\prims\jni.cpp, line 516]
Event: 681.040 Thread 0x0000023afb0e1f30 Exception <a 'sun/nio/fs/WindowsException'{0x000000008ca2a3e8}> (0x000000008ca2a3e8) 
thrown [s\src\hotspot\share\prims\jni.cpp, line 516]
Event: 681.040 Thread 0x0000023afb0e1f30 Exception <a 'sun/nio/fs/WindowsException'{0x000000008ca2bbf8}> (0x000000008ca2bbf8) 
thrown [s\src\hotspot\share\prims\jni.cpp, line 516]
Event: 681.091 Thread 0x0000023afb0e1f30 Exception <a 'sun/nio/fs/WindowsException'{0x000000008e2738d0}> (0x000000008e2738d0) 
thrown [s\src\hotspot\share\prims\jni.cpp, line 516]
Event: 681.091 Thread 0x0000023afb0e1f30 Exception <a 'sun/nio/fs/WindowsException'{0x000000008e273ba0}> (0x000000008e273ba0) 
thrown [s\src\hotspot\share\prims\jni.cpp, line 516]
Event: 681.092 Thread 0x0000023afb0e1f30 Exception <a 'sun/nio/fs/WindowsException'{0x000000008e2768d8}> (0x000000008e2768d8) 
thrown [s\src\hotspot\share\prims\jni.cpp, line 516]
Event: 681.092 Thread 0x0000023afb0e1f30 Exception <a 'sun/nio/fs/WindowsException'{0x000000008e276c98}> (0x000000008e276c98) 
thrown [s\src\hotspot\share\prims\jni.cpp, line 516]
Event: 681.092 Thread 0x0000023afb0e1f30 Exception <a 'sun/nio/fs/WindowsException'{0x000000008e27bd10}> (0x000000008e27bd10) 
thrown [s\src\hotspot\share\prims\jni.cpp, line 516]
Event: 681.092 Thread 0x0000023afb0e1f30 Exception <a 'sun/nio/fs/WindowsException'{0x000000008e27c0d0}> (0x000000008e27c0d0) 
thrown [s\src\hotspot\share\prims\jni.cpp, line 516]

VM Operations (20 events):
Event: 641.813 Executing VM operation: Cleanup
Event: 641.813 Executing VM operation: Cleanup done
Event: 645.850 Executing VM operation: Cleanup
Event: 645.850 Executing VM operation: Cleanup done
Event: 651.926 Executing VM operation: Cleanup
Event: 651.926 Executing VM operation: Cleanup done
Event: 662.012 Executing VM operation: Cleanup
Event: 662.012 Executing VM operation: Cleanup done
Event: 668.078 Executing VM operation: Cleanup
Event: 668.078 Executing VM operation: Cleanup done
Event: 673.120 Executing VM operation: Cleanup
Event: 673.120 Executing VM operation: Cleanup done
Event: 678.386 Executing VM operation: HandshakeAllThreads
Event: 678.386 Executing VM operation: HandshakeAllThreads done
Event: 678.386 Executing VM operation: Cleanup
Event: 678.387 Executing VM operation: Cleanup done
Event: 679.402 Executing VM operation: Cleanup
Event: 679.402 Executing VM operation: Cleanup done
Event: 681.062 Executing VM operation: G1CollectForAllocation
Event: 681.066 Executing VM operation: G1CollectForAllocation done

Events (20 events):
Event: 678.407 Thread 0x0000023ada786c90 flushing nmethod 0x0000023ac59ccd10
Event: 678.407 Thread 0x0000023ada786c90 flushing nmethod 0x0000023ac5a10510
Event: 678.407 Thread 0x0000023ada786c90 flushing nmethod 0x0000023ac5a17110
Event: 678.407 Thread 0x0000023ada786c90 flushing nmethod 0x0000023ac5a17490
Event: 678.407 Thread 0x0000023ada786c90 flushing nmethod 0x0000023ac5a3ee90
Event: 678.407 Thread 0x0000023ada786c90 flushing nmethod 0x0000023ac5a48710
Event: 681.029 Thread 0x0000023afc5d5b00 Thread exited: 0x0000023afc5d5b00
Event: 681.053 Thread 0x0000023afc5d9ac0 Thread added: 0x0000023afc5d9ac0
Event: 681.056 Thread 0x0000023afb0e2950 Thread added: 0x0000023afb0e2950
Event: 681.057 Thread 0x0000023afb0e3880 Thread added: 0x0000023afb0e3880
Event: 681.079 Thread 0x0000023afb0e3d90 Thread added: 0x0000023afb0e3d90
Event: 681.107 Thread 0x0000023afc5db550 Thread added: 0x0000023afc5db550
Event: 681.113 Thread 0x0000023afb0dc920 Thread added: 0x0000023afb0dc920
Event: 681.142 Thread 0x0000023afb0e42a0 Thread added: 0x0000023afb0e42a0
Event: 681.142 Thread 0x0000023afb0ddd60 Thread added: 0x0000023afb0ddd60
Event: 681.143 Thread 0x0000023afb0de270 Thread added: 0x0000023afb0de270
Event: 681.143 Thread 0x0000023afb0dd340 Thread added: 0x0000023afb0dd340
Event: 681.143 Thread 0x0000023afb0dd850 Thread added: 0x0000023afb0dd850
Event: 681.143 Thread 0x0000023afb0df6b0 Thread added: 0x0000023afb0df6b0
Event: 681.143 Thread 0x0000023afb0dfbc0 Thread added: 0x0000023afb0dfbc0


Dynamic libraries:
0x00007ff7dd3e0000 - 0x00007ff7dd3ee000 	C:\Program Files\Microsoft\jdk-17.0.8.7-hotspot\bin\java.exe
0x00007ffe2a070000 - 0x00007ffe2a287000 	C:\WINDOWS\SYSTEM32\ntdll.dll
0x00007ffe28790000 - 0x00007ffe28854000 	C:\WINDOWS\System32\KERNEL32.DLL
0x00007ffe27620000 - 0x00007ffe279c6000 	C:\WINDOWS\System32\KERNELBASE.dll
0x00007ffe27b30000 - 0x00007ffe27c41000 	C:\WINDOWS\System32\ucrtbase.dll
0x00007ffde3f90000 - 0x00007ffde3fa7000 	C:\Program Files\Microsoft\jdk-17.0.8.7-hotspot\bin\jli.dll
0x00007ffde4d70000 - 0x00007ffde4d8b000 	C:\Program Files\Microsoft\jdk-17.0.8.7-hotspot\bin\VCRUNTIME140.dll
0x00007ffe29d60000 - 0x00007ffe29f0e000 	C:\WINDOWS\System32\USER32.dll
0x00007ffe147b0000 - 0x00007ffe14a43000 	C:\WINDOWS\WinSxS\amd64_microsoft.windows.common-controls_6595b64144ccf1df_6.0.22621.2506_none_270c5ae97388e100\COMCTL32.dll
0x00007ffe27a90000 - 0x00007ffe27ab6000 	C:\WINDOWS\System32\win32u.dll
0x00007ffe28650000 - 0x00007ffe286f7000 	C:\WINDOWS\System32\msvcrt.dll
0x00007ffe28bd0000 - 0x00007ffe28bf9000 	C:\WINDOWS\System32\GDI32.dll
0x00007ffe27500000 - 0x00007ffe27618000 	C:\WINDOWS\System32\gdi32full.dll
0x00007ffe27460000 - 0x00007ffe274fa000 	C:\WINDOWS\System32\msvcp_win.dll
0x00007ffe28910000 - 0x00007ffe28941000 	C:\WINDOWS\System32\IMM32.DLL
0x00007ffde68a0000 - 0x00007ffde68ac000 	C:\Program Files\Microsoft\jdk-17.0.8.7-hotspot\bin\vcruntime140_1.dll
0x00007ffdd6840000 - 0x00007ffdd68cd000 	C:\Program Files\Microsoft\jdk-17.0.8.7-hotspot\bin\msvcp140.dll
0x00007ffd7ddf0000 - 0x00007ffd7ea55000 	C:\Program Files\Microsoft\jdk-17.0.8.7-hotspot\bin\server\jvm.dll
0x00007ffe29900000 - 0x00007ffe299b1000 	C:\WINDOWS\System32\ADVAPI32.dll
0x00007ffe28b20000 - 0x00007ffe28bc5000 	C:\WINDOWS\System32\sechost.dll
0x00007ffe29f10000 - 0x00007ffe2a027000 	C:\WINDOWS\System32\RPCRT4.dll
0x00007ffde3ca0000 - 0x00007ffde3ca9000 	C:\WINDOWS\SYSTEM32\WSOCK32.dll
0x00007ffe261f0000 - 0x00007ffe2623d000 	C:\WINDOWS\SYSTEM32\POWRPROF.dll
0x00007ffe1e730000 - 0x00007ffe1e764000 	C:\WINDOWS\SYSTEM32\WINMM.dll
0x00007ffe27dc0000 - 0x00007ffe27e31000 	C:\WINDOWS\System32\WS2_32.dll
0x00007ffe20290000 - 0x00007ffe2029a000 	C:\WINDOWS\SYSTEM32\VERSION.dll
0x00007ffe261d0000 - 0x00007ffe261e3000 	C:\WINDOWS\SYSTEM32\UMPDC.dll
0x00007ffe26490000 - 0x00007ffe264a8000 	C:\WINDOWS\SYSTEM32\kernel.appcore.dll
0x00007ffde3c90000 - 0x00007ffde3c9a000 	C:\Program Files\Microsoft\jdk-17.0.8.7-hotspot\bin\jimage.dll
0x00007ffe244d0000 - 0x00007ffe24703000 	C:\WINDOWS\SYSTEM32\DBGHELP.DLL
0x00007ffe27e40000 - 0x00007ffe281c9000 	C:\WINDOWS\System32\combase.dll
0x00007ffe28390000 - 0x00007ffe28467000 	C:\WINDOWS\System32\OLEAUT32.dll
0x00007ffdf5170000 - 0x00007ffdf51a2000 	C:\WINDOWS\SYSTEM32\dbgcore.DLL
0x00007ffe273e0000 - 0x00007ffe2745a000 	C:\WINDOWS\System32\bcryptPrimitives.dll
0x00007ffe224c0000 - 0x00007ffe224ce000 	C:\Program Files\Microsoft\jdk-17.0.8.7-hotspot\bin\instrument.dll
0x00007ffdd7960000 - 0x00007ffdd7985000 	C:\Program Files\Microsoft\jdk-17.0.8.7-hotspot\bin\java.dll
0x00007ffdd6760000 - 0x00007ffdd6837000 	C:\Program Files\Microsoft\jdk-17.0.8.7-hotspot\bin\jsvml.dll
0x00007ffe290a0000 - 0x00007ffe298fa000 	C:\WINDOWS\System32\SHELL32.dll
0x00007ffe252c0000 - 0x00007ffe25bb6000 	C:\WINDOWS\SYSTEM32\windows.storage.dll
0x00007ffe25180000 - 0x00007ffe252be000 	C:\WINDOWS\SYSTEM32\wintypes.dll
0x00007ffe29c60000 - 0x00007ffe29d53000 	C:\WINDOWS\System32\SHCORE.dll
0x00007ffe285f0000 - 0x00007ffe2864e000 	C:\WINDOWS\System32\shlwapi.dll
0x00007ffe27310000 - 0x00007ffe27336000 	C:\WINDOWS\SYSTEM32\profapi.dll
0x00007ffdd7940000 - 0x00007ffdd7958000 	C:\Program Files\Microsoft\jdk-17.0.8.7-hotspot\bin\zip.dll
0x00007ffde01e0000 - 0x00007ffde01f9000 	C:\Program Files\Microsoft\jdk-17.0.8.7-hotspot\bin\net.dll
0x00007ffe20dc0000 - 0x00007ffe20ef7000 	C:\WINDOWS\SYSTEM32\WINHTTP.dll
0x00007ffe26910000 - 0x00007ffe26979000 	C:\WINDOWS\system32\mswsock.dll
0x00007ffdd7db0000 - 0x00007ffdd7dc6000 	C:\Program Files\Microsoft\jdk-17.0.8.7-hotspot\bin\nio.dll
0x00007ffe22500000 - 0x00007ffe22510000 	C:\Program Files\Microsoft\jdk-17.0.8.7-hotspot\bin\verify.dll
0x00007ffdd78a0000 - 0x00007ffdd78c7000 	C:\Users\jatin\.gradle\native\68d5fa5c4cc2d200863cafc0d521ce42e7d3e7ee720ec0a83991735586a16f82\windows-amd64\native-platform.dll
0x00007ffdf1f10000 - 0x00007ffdf2054000 	C:\Users\jatin\.gradle\native\e376f236ea51e6404a007f0833ffe2c6e607c4080706a723a18a27aeea778392\windows-amd64\native-platform-file-events.dll
0x00007ffde2460000 - 0x00007ffde2469000 	C:\Program Files\Microsoft\jdk-17.0.8.7-hotspot\bin\management.dll
0x00007ffdd8020000 - 0x00007ffdd802b000 	C:\Program Files\Microsoft\jdk-17.0.8.7-hotspot\bin\management_ext.dll
0x00007ffe285e0000 - 0x00007ffe285e8000 	C:\WINDOWS\System32\PSAPI.DLL
0x00007ffe26b30000 - 0x00007ffe26b4b000 	C:\WINDOWS\SYSTEM32\CRYPTSP.dll
0x00007ffe263f0000 - 0x00007ffe26425000 	C:\WINDOWS\system32\rsaenh.dll
0x00007ffe269b0000 - 0x00007ffe269dc000 	C:\WINDOWS\SYSTEM32\USERENV.dll
0x00007ffe26d90000 - 0x00007ffe26db8000 	C:\WINDOWS\SYSTEM32\bcrypt.dll
0x00007ffe26b50000 - 0x00007ffe26b5c000 	C:\WINDOWS\SYSTEM32\CRYPTBASE.dll
0x00007ffe25e90000 - 0x00007ffe25ebd000 	C:\WINDOWS\SYSTEM32\IPHLPAPI.DLL
0x00007ffe28700000 - 0x00007ffe28709000 	C:\WINDOWS\System32\NSI.dll
0x00007ffe21440000 - 0x00007ffe21459000 	C:\WINDOWS\SYSTEM32\dhcpcsvc6.DLL
0x00007ffe21070000 - 0x00007ffe2108f000 	C:\WINDOWS\SYSTEM32\dhcpcsvc.DLL
0x00007ffe25f00000 - 0x00007ffe25ff9000 	C:\WINDOWS\SYSTEM32\DNSAPI.dll
0x00007ffdd7890000 - 0x00007ffdd789e000 	C:\Program Files\Microsoft\jdk-17.0.8.7-hotspot\bin\sunmscapi.dll
0x00007ffe27c50000 - 0x00007ffe27db6000 	C:\WINDOWS\System32\CRYPT32.dll
0x00007ffe26d60000 - 0x00007ffe26d8d000 	C:\WINDOWS\SYSTEM32\ncrypt.dll
0x00007ffe26d20000 - 0x00007ffe26d57000 	C:\WINDOWS\SYSTEM32\NTASN1.dll
0x00007ffdf7490000 - 0x00007ffdf7498000 	C:\WINDOWS\system32\wshunix.dll
0x00007ffdd6720000 - 0x00007ffdd6737000 	C:\WINDOWS\system32\napinsp.dll
0x00007ffdd6700000 - 0x00007ffdd671b000 	C:\WINDOWS\system32\pnrpnsp.dll
0x00007ffdd66e0000 - 0x00007ffdd66f1000 	C:\WINDOWS\System32\winrnr.dll
0x00007ffdf0da0000 - 0x00007ffdf0db5000 	C:\WINDOWS\system32\wshbth.dll
0x00007ffdd66b0000 - 0x00007ffdd66d1000 	C:\WINDOWS\system32\nlansp_c.dll
0x00007ffe11ca0000 - 0x00007ffe11caa000 	C:\Windows\System32\rasadhlp.dll
0x00007ffe1f830000 - 0x00007ffe1f8b3000 	C:\WINDOWS\System32\fwpuclnt.dll

dbghelp: loaded successfully - version: 4.0.5 - missing functions: none
symbol engine: initialized successfully - sym options: 0x614 - pdb path: .;C:\Program Files\Microsoft\jdk-17.0.8.7-hotspot\bin;C:\WINDOWS\SYSTEM32;C:\WINDOWS\WinSxS\amd64_microsoft.windows.common-controls_6595b64144ccf1df_6.0.22621.2506_none_270c5ae97388e100;C:\Program Files\Microsoft\jdk-17.0.8.7-hotspot\bin\server;C:\Users\jatin\.gradle\native\68d5fa5c4cc2d200863cafc0d521ce42e7d3e7ee720ec0a83991735586a16f82\windows-amd64;C:\Users\jatin\.gradle\native\e376f236ea51e6404a007f0833ffe2c6e607c4080706a723a18a27aeea778392\windows-amd64

VM Arguments:
jvm_args: -XX:MaxMetaspaceSize=512m --add-opens=java.base/java.util=ALL-UNNAMED --add-opens=java.base/java.lang=ALL-UNNAMED --add-opens=java.base/java.lang.invoke=ALL-UNNAMED --add-opens=java.prefs/java.util.prefs=ALL-UNNAMED --add-opens=java.base/java.nio.charset=ALL-UNNAMED --add-opens=java.base/java.net=ALL-UNNAMED --add-opens=java.base/java.util.concurrent.atomic=ALL-UNNAMED -Xmx2048m -Dfile.encoding=windows-1252 -Duser.country=IN -Duser.language=en -Duser.variant -javaagent:C:\Users\jatin\.gradle\wrapper\dists\gradle-8.3-all\6en3ugtfdg5xnpx44z4qbwgas\gradle-8.3\lib\agents\gradle-instrumentation-agent-8.3.jar 
java_command: org.gradle.launcher.daemon.bootstrap.GradleDaemon 8.3
java_class_path (initial): C:\Users\jatin\.gradle\wrapper\dists\gradle-8.3-all\6en3ugtfdg5xnpx44z4qbwgas\gradle-8.3\lib\gradle-launcher-8.3.jar
Launcher Type: SUN_STANDARD

[Global flags]
     intx CICompilerCount                          = 4                                         {product} {ergonomic}
   size_t CompressedClassSpaceSize                 = 436207616                                 {product} {ergonomic}
     uint ConcGCThreads                            = 2                                         {product} {ergonomic}
     uint G1ConcRefinementThreads                  = 8                                         {product} {ergonomic}
   size_t G1HeapRegionSize                         = 1048576                                   {product} {ergonomic}
    uintx GCDrainStackTargetSize                   = 64                                        {product} {ergonomic}
   size_t InitialHeapSize                          = 268435456                                 {product} {ergonomic}
   size_t MarkStackSize                            = 4194304                                   {product} {ergonomic}
   size_t MaxHeapSize                              = 2147483648                                {product} {command line}
   size_t MaxMetaspaceSize                         = 536870912                                 {product} {command line}
   size_t MaxNewSize                               = 1287651328                                {product} {ergonomic}
   size_t MinHeapDeltaBytes                        = 1048576                                   {product} {ergonomic}
   size_t MinHeapSize                              = 8388608                                   {product} {ergonomic}
    uintx NonNMethodCodeHeapSize                   = 5839372                                {pd product} {ergonomic}
    uintx NonProfiledCodeHeapSize                  = 122909434                              {pd product} {ergonomic}
    uintx ProfiledCodeHeapSize                     = 122909434                              {pd product} {ergonomic}
    uintx ReservedCodeCacheSize                    = 251658240                              {pd product} {ergonomic}
     bool SegmentedCodeCache                       = true                                      {product} {ergonomic}
   size_t SoftMaxHeapSize                          = 2147483648                             {manageable} {ergonomic}
     bool UseCompressedClassPointers               = true                           {product lp64_product} {ergonomic}
     bool UseCompressedOops                        = true                           {product lp64_product} {ergonomic}
     bool UseG1GC                                  = true                                      {product} {ergonomic}
     bool UseLargePagesIndividualAllocation        = false                                  {pd product} {ergonomic}

Logging:
Log output configuration:
 #0: stdout all=warning uptime,level,tags
 #1: stderr all=off uptime,level,tags

Environment Variables:
JAVA_HOME=C:\Program Files\Microsoft\jdk-17.0.8.7-hotspot\
CLASSPATH=D:\Work (Metafic)\Practice\practice2\android\\gradle\wrapper\gradle-wrapper.jar
PATH=D:\Work (Metafic)\Practice\practice2\node_modules\.bin;D:\Work (Metafic)\Practice\practice2\node_modules\.bin;D:\Work (Metafic)\Practice\node_modules\.bin;D:\Work (Metafic)\node_modules\.bin;D:\node_modules\.bin;C:\Users\jatin\AppData\Roaming\npm\node_modules\npm\node_modules\@npmcli\run-script\lib\node-gyp-bin;C:\Users\jatin\AppData\Local\Temp\yarn--1704800687109-0.04977169285908567;D:\Work (Metafic)\Practice\practice2\node_modules\.bin;C:\Users\jatin\AppData\Local\Yarn\Data\link\node_modules\.bin;C:\Program Files\libexec\lib\node_modules\npm\bin\node-gyp-bin;C:\Program Files\lib\node_modules\npm\bin\node-gyp-bin;C:\Program Files\nodejs\node_modules\npm\bin\node-gyp-bin;C:\Python312\Scripts\;C:\Python312\;C:\Program Files\Microsoft\jdk-17.0.8.7-hotspot\bin;C:\Python311\Scripts\;C:\Python311\;C:\Program Files\Microsoft\jdk-11.0.17.8-hotspot\bin;D:\oracle\product\10.2.0\db_1\bin;C:\Program Files (x86)\Common Files\Intel\Shared Libraries\redist\intel64\compiler;C:\Windows\system32;C:\Windows;C:\Windows\System32\Wbem;C:\Windows\System32\WindowsPowerShell\v1.0\;C:\Windows\System32\OpenSSH\;C:\Program Files\NVIDIA Corporation\NVIDIA NvDLISR;C:\MinGW\bin;C:\WINDOWS\system32;C:\WINDOWS;C:\WINDOWS\System32\Wbem;C:\WINDOWS\System32\WindowsPowerShell\v1.0\;C:\WINDOWS\System32\OpenSSH\;C:\Program Files\Microsoft VS Code\bin;C:\Program Files\Java\jdk-14.0.2\bin;C:\Program Files (x86)\NVIDIA Corporation\PhysX\Common;C:\Program Files\Java\jdk-17.0.4\bin;C:\Users\jatin\.cache\firebase\tools;C:\ProgramData\chocolatey\bin;C:\Users\jatin\AppData\Local\Pub\Cache\bin;C:\Program Files\dotnet\;C:\WINDOWS\system32;C:\WINDOWS;C:\WINDOWS\System32\Wbem;C:\WINDOWS\System32\WindowsPowerShell\v1.0\;C:\WINDOWS\System32\OpenSSH\;C:\Program Files\Git\cmd;C:\Program Files (x86)\Windows Kits\10\Windows Performance Toolkit\;C:\Program Files (x86)\Yarn\bin\;C:\Program Files\nodejs\;C:\Users\jatin\AppData\Local\Microsoft\WindowsApps;C:\Program Files\JetBrains\IntelliJ IDEA Community Edition 2022.1\bi
USERNAME=jatin
LANG=en_US.UTF-8
OS=Windows_NT
PROCESSOR_IDENTIFIER=Intel64 Family 6 Model 165 Stepping 2, GenuineIntel
TMP=C:\Users\jatin\AppData\Local\Temp
TEMP=C:\Users\jatin\AppData\Local\Temp



---------------  S Y S T E M  ---------------

OS:
 Windows 11 , 64 bit Build 22621 (10.0.22621.2506)
OS uptime: 0 days 12:17 hours
Hyper-V role detected

CPU: total 8 (initial active 8) (4 cores per cpu, 2 threads per core) family 6 model 165 stepping 2 microcode 0xf4, cx8, cmov, fxsr, ht, mmx, 3dnowpref, sse, sse2, sse3, ssse3, sse4.1, sse4.2, popcnt, lzcnt, tsc, tscinvbit, avx, avx2, aes, erms, clmul, bmi1, bmi2, adx, fma, vzeroupper, clflush, clflushopt, hv
Processor Information for all 8 processors :
  Max Mhz: 2496, Current Mhz: 2496, Mhz Limit: 2496

Memory: 4k page, system-wide physical 16291M (3655M free)
TotalPageFile size 26531M (AvailPageFile size 4324M)
current process WorkingSet (physical memory assigned to process): 533M, peak: 574M
current process commit charge ("private bytes"): 578M, peak: 622M

vm_info: OpenJDK 64-Bit Server VM (17.0.8+7-LTS) for windows-amd64 JRE (17.0.8+7-LTS), built on Jul  7 2023 17:21:55 by "MicrosoftCorporation" with MS VC++ 16.10 / 16.11 (VS2019)

END.
